2023-02-05 11:58:17 - Country Logger de Afghanistan - INFO -> Datos cargados para Afghanistan
2023-02-05 11:58:17 - Country Logger de Albania - INFO -> Datos cargados para Albania
2023-02-05 11:58:17 - Country Logger de Algeria - INFO -> Datos cargados para Algeria
2023-02-05 11:58:17 - Country Logger de Andorra - INFO -> Datos cargados para Andorra
2023-02-05 11:58:17 - Country Logger de Angola - INFO -> Datos cargados para Angola
2023-02-05 11:58:17 - Country Logger de Antarctica - INFO -> Datos cargados para Antarctica
2023-02-05 11:58:17 - Country Logger de Antigua and Barbuda - INFO -> Datos cargados para Antigua and Barbuda
2023-02-05 11:58:17 - Country Logger de Argentina - INFO -> Datos cargados para Argentina
2023-02-05 11:58:17 - Country Logger de Armenia - INFO -> Datos cargados para Armenia
2023-02-05 11:58:17 - Country Logger de Australia - INFO -> Datos cargados para Australia - Australian Capital Territory
2023-02-05 11:58:17 - Country Logger de Australia - INFO -> Datos cargados para Australia - New South Wales
2023-02-05 11:58:17 - Country Logger de Australia - INFO -> Datos cargados para Australia - Northern Territory
2023-02-05 11:58:17 - Country Logger de Australia - INFO -> Datos cargados para Australia - Queensland
2023-02-05 11:58:17 - Country Logger de Australia - INFO -> Datos cargados para Australia - South Australia
2023-02-05 11:58:17 - Country Logger de Australia - INFO -> Datos cargados para Australia - Tasmania
2023-02-05 11:58:17 - Country Logger de Australia - INFO -> Datos cargados para Australia - Victoria
2023-02-05 11:58:17 - Country Logger de Australia - INFO -> Datos cargados para Australia - Western Australia
2023-02-05 11:58:17 - Country Logger de Austria - INFO -> Datos cargados para Austria
2023-02-05 11:58:17 - Country Logger de Azerbaijan - INFO -> Datos cargados para Azerbaijan
2023-02-05 11:58:17 - Country Logger de Bahamas - INFO -> Datos cargados para Bahamas
2023-02-05 11:58:17 - Country Logger de Bahrain - INFO -> Datos cargados para Bahrain
2023-02-05 11:58:17 - Country Logger de Bangladesh - INFO -> Datos cargados para Bangladesh
2023-02-05 11:58:17 - Country Logger de Barbados - INFO -> Datos cargados para Barbados
2023-02-05 11:58:17 - Country Logger de Belarus - INFO -> Datos cargados para Belarus
2023-02-05 11:58:17 - Country Logger de Belgium - INFO -> Datos cargados para Belgium
2023-02-05 11:58:17 - Country Logger de Belize - INFO -> Datos cargados para Belize
2023-02-05 11:58:17 - Country Logger de Benin - INFO -> Datos cargados para Benin
2023-02-05 11:58:17 - Country Logger de Bhutan - INFO -> Datos cargados para Bhutan
2023-02-05 11:58:17 - Country Logger de Bolivia - INFO -> Datos cargados para Bolivia
2023-02-05 11:58:17 - Country Logger de Bosnia and Herzegovina - INFO -> Datos cargados para Bosnia and Herzegovina
2023-02-05 11:58:17 - Country Logger de Botswana - INFO -> Datos cargados para Botswana
2023-02-05 11:58:17 - Country Logger de Brazil - INFO -> Datos cargados para Brazil
2023-02-05 11:58:17 - Country Logger de Brunei - INFO -> Datos cargados para Brunei
2023-02-05 11:58:17 - Country Logger de Bulgaria - INFO -> Datos cargados para Bulgaria
2023-02-05 11:58:17 - Country Logger de Burkina Faso - INFO -> Datos cargados para Burkina Faso
2023-02-05 11:58:17 - Country Logger de Burma - INFO -> Datos cargados para Burma
2023-02-05 11:58:17 - Country Logger de Burundi - INFO -> Datos cargados para Burundi
2023-02-05 11:58:17 - Country Logger de Cabo Verde - INFO -> Datos cargados para Cabo Verde
2023-02-05 11:58:17 - Country Logger de Cambodia - INFO -> Datos cargados para Cambodia
2023-02-05 11:58:17 - Country Logger de Cameroon - INFO -> Datos cargados para Cameroon
2023-02-05 11:58:17 - Country Logger de Canada - INFO -> Datos cargados para Canada - Alberta
2023-02-05 11:58:17 - Country Logger de Canada - INFO -> Datos cargados para Canada - British Columbia
2023-02-05 11:58:17 - Country Logger de Canada - INFO -> Datos cargados para Canada - Diamond Princess
2023-02-05 11:58:17 - Country Logger de Canada - INFO -> Datos cargados para Canada - Grand Princess
2023-02-05 11:58:17 - Country Logger de Canada - INFO -> Datos cargados para Canada - Manitoba
2023-02-05 11:58:17 - Country Logger de Canada - INFO -> Datos cargados para Canada - New Brunswick
2023-02-05 11:58:17 - Country Logger de Canada - INFO -> Datos cargados para Canada - Newfoundland and Labrador
2023-02-05 11:58:17 - Country Logger de Canada - INFO -> Datos cargados para Canada - Northwest Territories
2023-02-05 11:58:17 - Country Logger de Canada - INFO -> Datos cargados para Canada - Nova Scotia
2023-02-05 11:58:17 - Country Logger de Canada - INFO -> Datos cargados para Canada - Nunavut
2023-02-05 11:58:17 - Country Logger de Canada - INFO -> Datos cargados para Canada - Ontario
2023-02-05 11:58:17 - Country Logger de Canada - INFO -> Datos cargados para Canada - Prince Edward Island
2023-02-05 11:58:17 - Country Logger de Canada - INFO -> Datos cargados para Canada - Quebec
2023-02-05 11:58:17 - Country Logger de Canada - INFO -> Datos cargados para Canada - Repatriated Travellers
2023-02-05 11:58:17 - Country Logger de Canada - INFO -> Datos cargados para Canada - Saskatchewan
2023-02-05 11:58:17 - Country Logger de Canada - INFO -> Datos cargados para Canada - Yukon
2023-02-05 11:58:17 - Country Logger de Central African Republic - INFO -> Datos cargados para Central African Republic
2023-02-05 11:58:17 - Country Logger de Chad - INFO -> Datos cargados para Chad
2023-02-05 11:58:17 - Country Logger de Chile - INFO -> Datos cargados para Chile
2023-02-05 11:58:17 - Country Logger de China - INFO -> Datos cargados para China - Anhui
2023-02-05 11:58:17 - Country Logger de China - INFO -> Datos cargados para China - Beijing
2023-02-05 11:58:17 - Country Logger de China - INFO -> Datos cargados para China - Chongqing
2023-02-05 11:58:17 - Country Logger de China - INFO -> Datos cargados para China - Fujian
2023-02-05 11:58:17 - Country Logger de China - INFO -> Datos cargados para China - Gansu
2023-02-05 11:58:17 - Country Logger de China - INFO -> Datos cargados para China - Guangdong
2023-02-05 11:58:17 - Country Logger de China - INFO -> Datos cargados para China - Guangxi
2023-02-05 11:58:17 - Country Logger de China - INFO -> Datos cargados para China - Guizhou
2023-02-05 11:58:17 - Country Logger de China - INFO -> Datos cargados para China - Hainan
2023-02-05 11:58:17 - Country Logger de China - INFO -> Datos cargados para China - Hebei
2023-02-05 11:58:17 - Country Logger de China - INFO -> Datos cargados para China - Heilongjiang
2023-02-05 11:58:17 - Country Logger de China - INFO -> Datos cargados para China - Henan
2023-02-05 11:58:17 - Country Logger de China - INFO -> Datos cargados para China - Hong Kong
2023-02-05 11:58:17 - Country Logger de China - INFO -> Datos cargados para China - Hubei
2023-02-05 11:58:17 - Country Logger de China - INFO -> Datos cargados para China - Hunan
2023-02-05 11:58:17 - Country Logger de China - INFO -> Datos cargados para China - Inner Mongolia
2023-02-05 11:58:17 - Country Logger de China - INFO -> Datos cargados para China - Jiangsu
2023-02-05 11:58:17 - Country Logger de China - INFO -> Datos cargados para China - Jiangxi
2023-02-05 11:58:17 - Country Logger de China - INFO -> Datos cargados para China - Jilin
2023-02-05 11:58:17 - Country Logger de China - INFO -> Datos cargados para China - Liaoning
2023-02-05 11:58:17 - Country Logger de China - INFO -> Datos cargados para China - Macau
2023-02-05 11:58:17 - Country Logger de China - INFO -> Datos cargados para China - Ningxia
2023-02-05 11:58:17 - Country Logger de China - INFO -> Datos cargados para China - Qinghai
2023-02-05 11:58:17 - Country Logger de China - INFO -> Datos cargados para China - Shaanxi
2023-02-05 11:58:17 - Country Logger de China - INFO -> Datos cargados para China - Shandong
2023-02-05 11:58:17 - Country Logger de China - INFO -> Datos cargados para China - Shanghai
2023-02-05 11:58:17 - Country Logger de China - INFO -> Datos cargados para China - Shanxi
2023-02-05 11:58:17 - Country Logger de China - INFO -> Datos cargados para China - Sichuan
2023-02-05 11:58:17 - Country Logger de China - INFO -> Datos cargados para China - Tianjin
2023-02-05 11:58:17 - Country Logger de China - INFO -> Datos cargados para China - Tibet
2023-02-05 11:58:17 - Country Logger de China - INFO -> Datos cargados para China - Unknown
2023-02-05 11:58:17 - Country Logger de China - INFO -> Datos cargados para China - Xinjiang
2023-02-05 11:58:17 - Country Logger de China - INFO -> Datos cargados para China - Yunnan
2023-02-05 11:58:17 - Country Logger de China - INFO -> Datos cargados para China - Zhejiang
2023-02-05 11:58:17 - Country Logger de Colombia - INFO -> Datos cargados para Colombia
2023-02-05 11:58:17 - Country Logger de Comoros - INFO -> Datos cargados para Comoros
2023-02-05 11:58:17 - Country Logger de Congo (Brazzaville) - INFO -> Datos cargados para Congo (Brazzaville)
2023-02-05 11:58:17 - Country Logger de Congo (Kinshasa) - INFO -> Datos cargados para Congo (Kinshasa)
2023-02-05 11:58:17 - Country Logger de Costa Rica - INFO -> Datos cargados para Costa Rica
2023-02-05 11:58:17 - Country Logger de Cote d'Ivoire - INFO -> Datos cargados para Cote d'Ivoire
2023-02-05 11:58:17 - Country Logger de Croatia - INFO -> Datos cargados para Croatia
2023-02-05 11:58:17 - Country Logger de Cuba - INFO -> Datos cargados para Cuba
2023-02-05 11:58:17 - Country Logger de Cyprus - INFO -> Datos cargados para Cyprus
2023-02-05 11:58:17 - Country Logger de Czechia - INFO -> Datos cargados para Czechia
2023-02-05 11:58:17 - Country Logger de Denmark - INFO -> Datos cargados para Denmark - Faroe Islands
2023-02-05 11:58:17 - Country Logger de Denmark - INFO -> Datos cargados para Denmark - Greenland
2023-02-05 11:58:17 - Country Logger de Denmark - INFO -> Datos cargados para Denmark
2023-02-05 11:58:17 - Country Logger de Diamond Princess - INFO -> Datos cargados para Diamond Princess
2023-02-05 11:58:17 - Country Logger de Djibouti - INFO -> Datos cargados para Djibouti
2023-02-05 11:58:17 - Country Logger de Dominica - INFO -> Datos cargados para Dominica
2023-02-05 11:58:17 - Country Logger de Dominican Republic - INFO -> Datos cargados para Dominican Republic
2023-02-05 11:58:17 - Country Logger de Ecuador - INFO -> Datos cargados para Ecuador
2023-02-05 11:58:17 - Country Logger de Egypt - INFO -> Datos cargados para Egypt
2023-02-05 11:58:17 - Country Logger de El Salvador - INFO -> Datos cargados para El Salvador
2023-02-05 11:58:17 - Country Logger de Equatorial Guinea - INFO -> Datos cargados para Equatorial Guinea
2023-02-05 11:58:17 - Country Logger de Eritrea - INFO -> Datos cargados para Eritrea
2023-02-05 11:58:17 - Country Logger de Estonia - INFO -> Datos cargados para Estonia
2023-02-05 11:58:17 - Country Logger de Eswatini - INFO -> Datos cargados para Eswatini
2023-02-05 11:58:17 - Country Logger de Ethiopia - INFO -> Datos cargados para Ethiopia
2023-02-05 11:58:17 - Country Logger de Fiji - INFO -> Datos cargados para Fiji
2023-02-05 11:58:17 - Country Logger de Finland - INFO -> Datos cargados para Finland
2023-02-05 11:58:17 - Country Logger de France - INFO -> Datos cargados para France - French Guiana
2023-02-05 11:58:17 - Country Logger de France - INFO -> Datos cargados para France - French Polynesia
2023-02-05 11:58:17 - Country Logger de France - INFO -> Datos cargados para France - Guadeloupe
2023-02-05 11:58:17 - Country Logger de France - INFO -> Datos cargados para France - Martinique
2023-02-05 11:58:17 - Country Logger de France - INFO -> Datos cargados para France - Mayotte
2023-02-05 11:58:17 - Country Logger de France - INFO -> Datos cargados para France - New Caledonia
2023-02-05 11:58:17 - Country Logger de France - INFO -> Datos cargados para France - Reunion
2023-02-05 11:58:17 - Country Logger de France - INFO -> Datos cargados para France - Saint Barthelemy
2023-02-05 11:58:17 - Country Logger de France - INFO -> Datos cargados para France - Saint Pierre and Miquelon
2023-02-05 11:58:17 - Country Logger de France - INFO -> Datos cargados para France - St Martin
2023-02-05 11:58:17 - Country Logger de France - INFO -> Datos cargados para France - Wallis and Futuna
2023-02-05 11:58:17 - Country Logger de France - INFO -> Datos cargados para France
2023-02-05 11:58:17 - Country Logger de Gabon - INFO -> Datos cargados para Gabon
2023-02-05 11:58:17 - Country Logger de Gambia - INFO -> Datos cargados para Gambia
2023-02-05 11:58:17 - Country Logger de Georgia - INFO -> Datos cargados para Georgia
2023-02-05 11:58:17 - Country Logger de Germany - INFO -> Datos cargados para Germany
2023-02-05 11:58:17 - Country Logger de Ghana - INFO -> Datos cargados para Ghana
2023-02-05 11:58:17 - Country Logger de Greece - INFO -> Datos cargados para Greece
2023-02-05 11:58:17 - Country Logger de Grenada - INFO -> Datos cargados para Grenada
2023-02-05 11:58:17 - Country Logger de Guatemala - INFO -> Datos cargados para Guatemala
2023-02-05 11:58:17 - Country Logger de Guinea - INFO -> Datos cargados para Guinea
2023-02-05 11:58:17 - Country Logger de Guinea-Bissau - INFO -> Datos cargados para Guinea-Bissau
2023-02-05 11:58:17 - Country Logger de Guyana - INFO -> Datos cargados para Guyana
2023-02-05 11:58:17 - Country Logger de Haiti - INFO -> Datos cargados para Haiti
2023-02-05 11:58:17 - Country Logger de Holy See - INFO -> Datos cargados para Holy See
2023-02-05 11:58:17 - Country Logger de Honduras - INFO -> Datos cargados para Honduras
2023-02-05 11:58:17 - Country Logger de Hungary - INFO -> Datos cargados para Hungary
2023-02-05 11:58:17 - Country Logger de Iceland - INFO -> Datos cargados para Iceland
2023-02-05 11:58:17 - Country Logger de India - INFO -> Datos cargados para India
2023-02-05 11:58:17 - Country Logger de Indonesia - INFO -> Datos cargados para Indonesia
2023-02-05 11:58:17 - Country Logger de Iran - INFO -> Datos cargados para Iran
2023-02-05 11:58:17 - Country Logger de Iraq - INFO -> Datos cargados para Iraq
2023-02-05 11:58:17 - Country Logger de Ireland - INFO -> Datos cargados para Ireland
2023-02-05 11:58:17 - Country Logger de Israel - INFO -> Datos cargados para Israel
2023-02-05 11:58:17 - Country Logger de Italy - INFO -> Datos cargados para Italy
2023-02-05 11:58:17 - Country Logger de Jamaica - INFO -> Datos cargados para Jamaica
2023-02-05 11:58:17 - Country Logger de Japan - INFO -> Datos cargados para Japan
2023-02-05 11:58:17 - Country Logger de Jordan - INFO -> Datos cargados para Jordan
2023-02-05 11:58:17 - Country Logger de Kazakhstan - INFO -> Datos cargados para Kazakhstan
2023-02-05 11:58:17 - Country Logger de Kenya - INFO -> Datos cargados para Kenya
2023-02-05 11:58:17 - Country Logger de Kiribati - INFO -> Datos cargados para Kiribati
2023-02-05 11:58:17 - Country Logger de Korea, North - INFO -> Datos cargados para Korea, North
2023-02-05 11:58:17 - Country Logger de Korea, South - INFO -> Datos cargados para Korea, South
2023-02-05 11:58:17 - Country Logger de Kosovo - INFO -> Datos cargados para Kosovo
2023-02-05 11:58:17 - Country Logger de Kuwait - INFO -> Datos cargados para Kuwait
2023-02-05 11:58:17 - Country Logger de Kyrgyzstan - INFO -> Datos cargados para Kyrgyzstan
2023-02-05 11:58:17 - Country Logger de Laos - INFO -> Datos cargados para Laos
2023-02-05 11:58:17 - Country Logger de Latvia - INFO -> Datos cargados para Latvia
2023-02-05 11:58:17 - Country Logger de Lebanon - INFO -> Datos cargados para Lebanon
2023-02-05 11:58:17 - Country Logger de Lesotho - INFO -> Datos cargados para Lesotho
2023-02-05 11:58:17 - Country Logger de Liberia - INFO -> Datos cargados para Liberia
2023-02-05 11:58:17 - Country Logger de Libya - INFO -> Datos cargados para Libya
2023-02-05 11:58:17 - Country Logger de Liechtenstein - INFO -> Datos cargados para Liechtenstein
2023-02-05 11:58:17 - Country Logger de Lithuania - INFO -> Datos cargados para Lithuania
2023-02-05 11:58:17 - Country Logger de Luxembourg - INFO -> Datos cargados para Luxembourg
2023-02-05 11:58:17 - Country Logger de MS Zaandam - INFO -> Datos cargados para MS Zaandam
2023-02-05 11:58:17 - Country Logger de Madagascar - INFO -> Datos cargados para Madagascar
2023-02-05 11:58:17 - Country Logger de Malawi - INFO -> Datos cargados para Malawi
2023-02-05 11:58:17 - Country Logger de Malaysia - INFO -> Datos cargados para Malaysia
2023-02-05 11:58:17 - Country Logger de Maldives - INFO -> Datos cargados para Maldives
2023-02-05 11:58:17 - Country Logger de Mali - INFO -> Datos cargados para Mali
2023-02-05 11:58:17 - Country Logger de Malta - INFO -> Datos cargados para Malta
2023-02-05 11:58:17 - Country Logger de Marshall Islands - INFO -> Datos cargados para Marshall Islands
2023-02-05 11:58:17 - Country Logger de Mauritania - INFO -> Datos cargados para Mauritania
2023-02-05 11:58:17 - Country Logger de Mauritius - INFO -> Datos cargados para Mauritius
2023-02-05 11:58:17 - Country Logger de Mexico - INFO -> Datos cargados para Mexico
2023-02-05 11:58:17 - Country Logger de Micronesia - INFO -> Datos cargados para Micronesia
2023-02-05 11:58:17 - Country Logger de Moldova - INFO -> Datos cargados para Moldova
2023-02-05 11:58:17 - Country Logger de Monaco - INFO -> Datos cargados para Monaco
2023-02-05 11:58:17 - Country Logger de Mongolia - INFO -> Datos cargados para Mongolia
2023-02-05 11:58:17 - Country Logger de Montenegro - INFO -> Datos cargados para Montenegro
2023-02-05 11:58:17 - Country Logger de Morocco - INFO -> Datos cargados para Morocco
2023-02-05 11:58:17 - Country Logger de Mozambique - INFO -> Datos cargados para Mozambique
2023-02-05 11:58:17 - Country Logger de Namibia - INFO -> Datos cargados para Namibia
2023-02-05 11:58:17 - Country Logger de Nauru - INFO -> Datos cargados para Nauru
2023-02-05 11:58:17 - Country Logger de Nepal - INFO -> Datos cargados para Nepal
2023-02-05 11:58:17 - Country Logger de Netherlands - INFO -> Datos cargados para Netherlands - Aruba
2023-02-05 11:58:17 - Country Logger de Netherlands - INFO -> Datos cargados para Netherlands - Bonaire, Sint Eustatius and Saba
2023-02-05 11:58:17 - Country Logger de Netherlands - INFO -> Datos cargados para Netherlands - Curacao
2023-02-05 11:58:17 - Country Logger de Netherlands - INFO -> Datos cargados para Netherlands - Sint Maarten
2023-02-05 11:58:17 - Country Logger de Netherlands - INFO -> Datos cargados para Netherlands
2023-02-05 11:58:17 - Country Logger de New Zealand - INFO -> Datos cargados para New Zealand - Cook Islands
2023-02-05 11:58:17 - Country Logger de New Zealand - INFO -> Datos cargados para New Zealand - Niue
2023-02-05 11:58:17 - Country Logger de New Zealand - INFO -> Datos cargados para New Zealand
2023-02-05 11:58:17 - Country Logger de Nicaragua - INFO -> Datos cargados para Nicaragua
2023-02-05 11:58:17 - Country Logger de Niger - INFO -> Datos cargados para Niger
2023-02-05 11:58:17 - Country Logger de Nigeria - INFO -> Datos cargados para Nigeria
2023-02-05 11:58:17 - Country Logger de North Macedonia - INFO -> Datos cargados para North Macedonia
2023-02-05 11:58:17 - Country Logger de Norway - INFO -> Datos cargados para Norway
2023-02-05 11:58:17 - Country Logger de Oman - INFO -> Datos cargados para Oman
2023-02-05 11:58:17 - Country Logger de Pakistan - INFO -> Datos cargados para Pakistan
2023-02-05 11:58:17 - Country Logger de Palau - INFO -> Datos cargados para Palau
2023-02-05 11:58:17 - Country Logger de Panama - INFO -> Datos cargados para Panama
2023-02-05 11:58:17 - Country Logger de Papua New Guinea - INFO -> Datos cargados para Papua New Guinea
2023-02-05 11:58:17 - Country Logger de Paraguay - INFO -> Datos cargados para Paraguay
2023-02-05 11:58:17 - Country Logger de Peru - INFO -> Datos cargados para Peru
2023-02-05 11:58:17 - Country Logger de Philippines - INFO -> Datos cargados para Philippines
2023-02-05 11:58:17 - Country Logger de Poland - INFO -> Datos cargados para Poland
2023-02-05 11:58:17 - Country Logger de Portugal - INFO -> Datos cargados para Portugal
2023-02-05 11:58:17 - Country Logger de Qatar - INFO -> Datos cargados para Qatar
2023-02-05 11:58:17 - Country Logger de Romania - INFO -> Datos cargados para Romania
2023-02-05 11:58:17 - Country Logger de Russia - INFO -> Datos cargados para Russia
2023-02-05 11:58:17 - Country Logger de Rwanda - INFO -> Datos cargados para Rwanda
2023-02-05 11:58:17 - Country Logger de Saint Kitts and Nevis - INFO -> Datos cargados para Saint Kitts and Nevis
2023-02-05 11:58:17 - Country Logger de Saint Lucia - INFO -> Datos cargados para Saint Lucia
2023-02-05 11:58:17 - Country Logger de Saint Vincent and the Grenadines - INFO -> Datos cargados para Saint Vincent and the Grenadines
2023-02-05 11:58:17 - Country Logger de Samoa - INFO -> Datos cargados para Samoa
2023-02-05 11:58:17 - Country Logger de San Marino - INFO -> Datos cargados para San Marino
2023-02-05 11:58:17 - Country Logger de Sao Tome and Principe - INFO -> Datos cargados para Sao Tome and Principe
2023-02-05 11:58:17 - Country Logger de Saudi Arabia - INFO -> Datos cargados para Saudi Arabia
2023-02-05 11:58:17 - Country Logger de Senegal - INFO -> Datos cargados para Senegal
2023-02-05 11:58:17 - Country Logger de Serbia - INFO -> Datos cargados para Serbia
2023-02-05 11:58:17 - Country Logger de Seychelles - INFO -> Datos cargados para Seychelles
2023-02-05 11:58:17 - Country Logger de Sierra Leone - INFO -> Datos cargados para Sierra Leone
2023-02-05 11:58:17 - Country Logger de Singapore - INFO -> Datos cargados para Singapore
2023-02-05 11:58:17 - Country Logger de Slovakia - INFO -> Datos cargados para Slovakia
2023-02-05 11:58:17 - Country Logger de Slovenia - INFO -> Datos cargados para Slovenia
2023-02-05 11:58:17 - Country Logger de Solomon Islands - INFO -> Datos cargados para Solomon Islands
2023-02-05 11:58:17 - Country Logger de Somalia - INFO -> Datos cargados para Somalia
2023-02-05 11:58:17 - Country Logger de South Africa - INFO -> Datos cargados para South Africa
2023-02-05 11:58:17 - Country Logger de South Sudan - INFO -> Datos cargados para South Sudan
2023-02-05 11:58:17 - Country Logger de Spain - INFO -> Datos cargados para Spain
2023-02-05 11:58:17 - Country Logger de Sri Lanka - INFO -> Datos cargados para Sri Lanka
2023-02-05 11:58:17 - Country Logger de Sudan - INFO -> Datos cargados para Sudan
2023-02-05 11:58:17 - Country Logger de Summer Olympics 2020 - INFO -> Datos cargados para Summer Olympics 2020
2023-02-05 11:58:17 - Country Logger de Suriname - INFO -> Datos cargados para Suriname
2023-02-05 11:58:17 - Country Logger de Sweden - INFO -> Datos cargados para Sweden
2023-02-05 11:58:17 - Country Logger de Switzerland - INFO -> Datos cargados para Switzerland
2023-02-05 11:58:17 - Country Logger de Syria - INFO -> Datos cargados para Syria
2023-02-05 11:58:17 - Country Logger de Taiwan* - INFO -> Datos cargados para Taiwan*
2023-02-05 11:58:17 - Country Logger de Tajikistan - INFO -> Datos cargados para Tajikistan
2023-02-05 11:58:17 - Country Logger de Tanzania - INFO -> Datos cargados para Tanzania
2023-02-05 11:58:17 - Country Logger de Thailand - INFO -> Datos cargados para Thailand
2023-02-05 11:58:17 - Country Logger de Timor-Leste - INFO -> Datos cargados para Timor-Leste
2023-02-05 11:58:17 - Country Logger de Togo - INFO -> Datos cargados para Togo
2023-02-05 11:58:17 - Country Logger de Tonga - INFO -> Datos cargados para Tonga
2023-02-05 11:58:17 - Country Logger de Trinidad and Tobago - INFO -> Datos cargados para Trinidad and Tobago
2023-02-05 11:58:17 - Country Logger de Tunisia - INFO -> Datos cargados para Tunisia
2023-02-05 11:58:17 - Country Logger de Turkey - INFO -> Datos cargados para Turkey
2023-02-05 11:58:17 - Country Logger de Tuvalu - INFO -> Datos cargados para Tuvalu
2023-02-05 11:58:17 - Country Logger de US - INFO -> Datos cargados para US
2023-02-05 11:58:17 - Country Logger de Uganda - INFO -> Datos cargados para Uganda
2023-02-05 11:58:17 - Country Logger de Ukraine - INFO -> Datos cargados para Ukraine
2023-02-05 11:58:17 - Country Logger de United Arab Emirates - INFO -> Datos cargados para United Arab Emirates
2023-02-05 11:58:17 - Country Logger de United Kingdom - INFO -> Datos cargados para United Kingdom - Anguilla
2023-02-05 11:58:17 - Country Logger de United Kingdom - INFO -> Datos cargados para United Kingdom - Bermuda
2023-02-05 11:58:17 - Country Logger de United Kingdom - INFO -> Datos cargados para United Kingdom - British Virgin Islands
2023-02-05 11:58:17 - Country Logger de United Kingdom - INFO -> Datos cargados para United Kingdom - Cayman Islands
2023-02-05 11:58:17 - Country Logger de United Kingdom - INFO -> Datos cargados para United Kingdom - Channel Islands
2023-02-05 11:58:17 - Country Logger de United Kingdom - INFO -> Datos cargados para United Kingdom - Falkland Islands (Malvinas)
2023-02-05 11:58:17 - Country Logger de United Kingdom - INFO -> Datos cargados para United Kingdom - Gibraltar
2023-02-05 11:58:17 - Country Logger de United Kingdom - INFO -> Datos cargados para United Kingdom - Guernsey
2023-02-05 11:58:17 - Country Logger de United Kingdom - INFO -> Datos cargados para United Kingdom - Isle of Man
2023-02-05 11:58:17 - Country Logger de United Kingdom - INFO -> Datos cargados para United Kingdom - Jersey
2023-02-05 11:58:17 - Country Logger de United Kingdom - INFO -> Datos cargados para United Kingdom - Montserrat
2023-02-05 11:58:17 - Country Logger de United Kingdom - INFO -> Datos cargados para United Kingdom - Pitcairn Islands
2023-02-05 11:58:17 - Country Logger de United Kingdom - INFO -> Datos cargados para United Kingdom - Saint Helena, Ascension and Tristan da Cunha
2023-02-05 11:58:17 - Country Logger de United Kingdom - INFO -> Datos cargados para United Kingdom - Turks and Caicos Islands
2023-02-05 11:58:17 - Country Logger de United Kingdom - INFO -> Datos cargados para United Kingdom
2023-02-05 11:58:17 - Country Logger de Uruguay - INFO -> Datos cargados para Uruguay
2023-02-05 11:58:17 - Country Logger de Uzbekistan - INFO -> Datos cargados para Uzbekistan
2023-02-05 11:58:17 - Country Logger de Vanuatu - INFO -> Datos cargados para Vanuatu
2023-02-05 11:58:17 - Country Logger de Venezuela - INFO -> Datos cargados para Venezuela
2023-02-05 11:58:17 - Country Logger de Vietnam - INFO -> Datos cargados para Vietnam
2023-02-05 11:58:17 - Country Logger de West Bank and Gaza - INFO -> Datos cargados para West Bank and Gaza
2023-02-05 11:58:17 - Country Logger de Winter Olympics 2022 - INFO -> Datos cargados para Winter Olympics 2022
2023-02-05 11:58:17 - Country Logger de Yemen - INFO -> Datos cargados para Yemen
2023-02-05 11:58:17 - Country Logger de Zambia - INFO -> Datos cargados para Zambia
2023-02-05 11:58:17 - Country Logger de Zimbabwe - INFO -> Datos cargados para Zimbabwe
2023-02-05 11:58:18 - matplotlib.category - INFO -> Using categorical units to plot a list of strings that are all parsable as floats or dates. If these strings should be plotted as numbers, cast to the appropriate data type before plotting.
2023-02-05 11:58:19 - matplotlib.category - INFO -> Using categorical units to plot a list of strings that are all parsable as floats or dates. If these strings should be plotted as numbers, cast to the appropriate data type before plotting.
2023-02-05 11:58:19 - matplotlib.category - INFO -> Using categorical units to plot a list of strings that are all parsable as floats or dates. If these strings should be plotted as numbers, cast to the appropriate data type before plotting.
2023-02-05 11:58:19 - matplotlib.category - INFO -> Using categorical units to plot a list of strings that are all parsable as floats or dates. If these strings should be plotted as numbers, cast to the appropriate data type before plotting.
2023-02-05 11:58:19 - matplotlib.category - INFO -> Using categorical units to plot a list of strings that are all parsable as floats or dates. If these strings should be plotted as numbers, cast to the appropriate data type before plotting.
2023-02-05 11:58:19 - matplotlib.category - INFO -> Using categorical units to plot a list of strings that are all parsable as floats or dates. If these strings should be plotted as numbers, cast to the appropriate data type before plotting.
2023-02-05 11:58:19 - matplotlib.category - INFO -> Using categorical units to plot a list of strings that are all parsable as floats or dates. If these strings should be plotted as numbers, cast to the appropriate data type before plotting.
2023-02-05 11:58:19 - matplotlib.category - INFO -> Using categorical units to plot a list of strings that are all parsable as floats or dates. If these strings should be plotted as numbers, cast to the appropriate data type before plotting.
2023-02-05 11:58:19 - matplotlib.category - INFO -> Using categorical units to plot a list of strings that are all parsable as floats or dates. If these strings should be plotted as numbers, cast to the appropriate data type before plotting.
2023-02-05 11:58:19 - matplotlib.category - INFO -> Using categorical units to plot a list of strings that are all parsable as floats or dates. If these strings should be plotted as numbers, cast to the appropriate data type before plotting.
2023-02-05 11:59:54 - matplotlib.category - INFO -> Using categorical units to plot a list of strings that are all parsable as floats or dates. If these strings should be plotted as numbers, cast to the appropriate data type before plotting.
2023-02-05 11:59:54 - matplotlib.category - INFO -> Using categorical units to plot a list of strings that are all parsable as floats or dates. If these strings should be plotted as numbers, cast to the appropriate data type before plotting.
2023-02-05 11:59:54 - matplotlib.category - INFO -> Using categorical units to plot a list of strings that are all parsable as floats or dates. If these strings should be plotted as numbers, cast to the appropriate data type before plotting.
2023-02-05 11:59:54 - matplotlib.category - INFO -> Using categorical units to plot a list of strings that are all parsable as floats or dates. If these strings should be plotted as numbers, cast to the appropriate data type before plotting.
2023-02-05 11:59:54 - matplotlib.category - INFO -> Using categorical units to plot a list of strings that are all parsable as floats or dates. If these strings should be plotted as numbers, cast to the appropriate data type before plotting.
2023-02-05 11:59:54 - matplotlib.category - INFO -> Using categorical units to plot a list of strings that are all parsable as floats or dates. If these strings should be plotted as numbers, cast to the appropriate data type before plotting.
2023-02-05 11:59:54 - matplotlib.category - INFO -> Using categorical units to plot a list of strings that are all parsable as floats or dates. If these strings should be plotted as numbers, cast to the appropriate data type before plotting.
2023-02-05 11:59:54 - matplotlib.category - INFO -> Using categorical units to plot a list of strings that are all parsable as floats or dates. If these strings should be plotted as numbers, cast to the appropriate data type before plotting.
2023-02-05 11:59:54 - matplotlib.category - INFO -> Using categorical units to plot a list of strings that are all parsable as floats or dates. If these strings should be plotted as numbers, cast to the appropriate data type before plotting.
2023-02-05 11:59:54 - matplotlib.category - INFO -> Using categorical units to plot a list of strings that are all parsable as floats or dates. If these strings should be plotted as numbers, cast to the appropriate data type before plotting.
2023-02-05 11:59:59 - matplotlib.category - INFO -> Using categorical units to plot a list of strings that are all parsable as floats or dates. If these strings should be plotted as numbers, cast to the appropriate data type before plotting.
2023-02-05 11:59:59 - matplotlib.category - INFO -> Using categorical units to plot a list of strings that are all parsable as floats or dates. If these strings should be plotted as numbers, cast to the appropriate data type before plotting.
2023-02-05 11:59:59 - matplotlib.category - INFO -> Using categorical units to plot a list of strings that are all parsable as floats or dates. If these strings should be plotted as numbers, cast to the appropriate data type before plotting.
2023-02-05 11:59:59 - matplotlib.category - INFO -> Using categorical units to plot a list of strings that are all parsable as floats or dates. If these strings should be plotted as numbers, cast to the appropriate data type before plotting.
2023-02-05 11:59:59 - matplotlib.category - INFO -> Using categorical units to plot a list of strings that are all parsable as floats or dates. If these strings should be plotted as numbers, cast to the appropriate data type before plotting.
2023-02-05 11:59:59 - matplotlib.category - INFO -> Using categorical units to plot a list of strings that are all parsable as floats or dates. If these strings should be plotted as numbers, cast to the appropriate data type before plotting.
2023-02-05 11:59:59 - matplotlib.category - INFO -> Using categorical units to plot a list of strings that are all parsable as floats or dates. If these strings should be plotted as numbers, cast to the appropriate data type before plotting.
2023-02-05 11:59:59 - matplotlib.category - INFO -> Using categorical units to plot a list of strings that are all parsable as floats or dates. If these strings should be plotted as numbers, cast to the appropriate data type before plotting.
2023-02-05 11:59:59 - matplotlib.category - INFO -> Using categorical units to plot a list of strings that are all parsable as floats or dates. If these strings should be plotted as numbers, cast to the appropriate data type before plotting.
2023-02-05 12:00:00 - matplotlib.category - INFO -> Using categorical units to plot a list of strings that are all parsable as floats or dates. If these strings should be plotted as numbers, cast to the appropriate data type before plotting.
2023-02-05 12:00:06 - matplotlib.category - INFO -> Using categorical units to plot a list of strings that are all parsable as floats or dates. If these strings should be plotted as numbers, cast to the appropriate data type before plotting.
2023-02-05 12:00:06 - matplotlib.category - INFO -> Using categorical units to plot a list of strings that are all parsable as floats or dates. If these strings should be plotted as numbers, cast to the appropriate data type before plotting.
2023-02-05 12:00:06 - matplotlib.category - INFO -> Using categorical units to plot a list of strings that are all parsable as floats or dates. If these strings should be plotted as numbers, cast to the appropriate data type before plotting.
2023-02-05 12:00:06 - matplotlib.category - INFO -> Using categorical units to plot a list of strings that are all parsable as floats or dates. If these strings should be plotted as numbers, cast to the appropriate data type before plotting.
2023-02-05 12:00:06 - matplotlib.category - INFO -> Using categorical units to plot a list of strings that are all parsable as floats or dates. If these strings should be plotted as numbers, cast to the appropriate data type before plotting.
2023-02-05 12:00:06 - matplotlib.category - INFO -> Using categorical units to plot a list of strings that are all parsable as floats or dates. If these strings should be plotted as numbers, cast to the appropriate data type before plotting.
2023-02-05 12:00:06 - matplotlib.category - INFO -> Using categorical units to plot a list of strings that are all parsable as floats or dates. If these strings should be plotted as numbers, cast to the appropriate data type before plotting.
2023-02-05 12:00:06 - matplotlib.category - INFO -> Using categorical units to plot a list of strings that are all parsable as floats or dates. If these strings should be plotted as numbers, cast to the appropriate data type before plotting.
2023-02-05 12:00:06 - matplotlib.category - INFO -> Using categorical units to plot a list of strings that are all parsable as floats or dates. If these strings should be plotted as numbers, cast to the appropriate data type before plotting.
2023-02-05 12:00:06 - matplotlib.category - INFO -> Using categorical units to plot a list of strings that are all parsable as floats or dates. If these strings should be plotted as numbers, cast to the appropriate data type before plotting.
2023-02-05 12:00:31 - Country Logger de Afghanistan - INFO -> Datos cargados para Afghanistan
2023-02-05 12:00:31 - Country Logger de Albania - INFO -> Datos cargados para Albania
2023-02-05 12:00:31 - Country Logger de Algeria - INFO -> Datos cargados para Algeria
2023-02-05 12:00:31 - Country Logger de Andorra - INFO -> Datos cargados para Andorra
2023-02-05 12:00:31 - Country Logger de Angola - INFO -> Datos cargados para Angola
2023-02-05 12:00:31 - Country Logger de Antarctica - INFO -> Datos cargados para Antarctica
2023-02-05 12:00:31 - Country Logger de Antigua and Barbuda - INFO -> Datos cargados para Antigua and Barbuda
2023-02-05 12:00:31 - Country Logger de Argentina - INFO -> Datos cargados para Argentina
2023-02-05 12:00:31 - Country Logger de Armenia - INFO -> Datos cargados para Armenia
2023-02-05 12:00:31 - Country Logger de Australia - INFO -> Datos cargados para Australia - Australian Capital Territory
2023-02-05 12:00:31 - Country Logger de Australia - INFO -> Datos cargados para Australia - New South Wales
2023-02-05 12:00:31 - Country Logger de Australia - INFO -> Datos cargados para Australia - Northern Territory
2023-02-05 12:00:31 - Country Logger de Australia - INFO -> Datos cargados para Australia - Queensland
2023-02-05 12:00:31 - Country Logger de Australia - INFO -> Datos cargados para Australia - South Australia
2023-02-05 12:00:31 - Country Logger de Australia - INFO -> Datos cargados para Australia - Tasmania
2023-02-05 12:00:31 - Country Logger de Australia - INFO -> Datos cargados para Australia - Victoria
2023-02-05 12:00:31 - Country Logger de Australia - INFO -> Datos cargados para Australia - Western Australia
2023-02-05 12:00:31 - Country Logger de Austria - INFO -> Datos cargados para Austria
2023-02-05 12:00:31 - Country Logger de Azerbaijan - INFO -> Datos cargados para Azerbaijan
2023-02-05 12:00:31 - Country Logger de Bahamas - INFO -> Datos cargados para Bahamas
2023-02-05 12:00:31 - Country Logger de Bahrain - INFO -> Datos cargados para Bahrain
2023-02-05 12:00:31 - Country Logger de Bangladesh - INFO -> Datos cargados para Bangladesh
2023-02-05 12:00:31 - Country Logger de Barbados - INFO -> Datos cargados para Barbados
2023-02-05 12:00:31 - Country Logger de Belarus - INFO -> Datos cargados para Belarus
2023-02-05 12:00:31 - Country Logger de Belgium - INFO -> Datos cargados para Belgium
2023-02-05 12:00:31 - Country Logger de Belize - INFO -> Datos cargados para Belize
2023-02-05 12:00:31 - Country Logger de Benin - INFO -> Datos cargados para Benin
2023-02-05 12:00:31 - Country Logger de Bhutan - INFO -> Datos cargados para Bhutan
2023-02-05 12:00:31 - Country Logger de Bolivia - INFO -> Datos cargados para Bolivia
2023-02-05 12:00:31 - Country Logger de Bosnia and Herzegovina - INFO -> Datos cargados para Bosnia and Herzegovina
2023-02-05 12:00:31 - Country Logger de Botswana - INFO -> Datos cargados para Botswana
2023-02-05 12:00:31 - Country Logger de Brazil - INFO -> Datos cargados para Brazil
2023-02-05 12:00:31 - Country Logger de Brunei - INFO -> Datos cargados para Brunei
2023-02-05 12:00:31 - Country Logger de Bulgaria - INFO -> Datos cargados para Bulgaria
2023-02-05 12:00:31 - Country Logger de Burkina Faso - INFO -> Datos cargados para Burkina Faso
2023-02-05 12:00:31 - Country Logger de Burma - INFO -> Datos cargados para Burma
2023-02-05 12:00:31 - Country Logger de Burundi - INFO -> Datos cargados para Burundi
2023-02-05 12:00:31 - Country Logger de Cabo Verde - INFO -> Datos cargados para Cabo Verde
2023-02-05 12:00:31 - Country Logger de Cambodia - INFO -> Datos cargados para Cambodia
2023-02-05 12:00:31 - Country Logger de Cameroon - INFO -> Datos cargados para Cameroon
2023-02-05 12:00:31 - Country Logger de Canada - INFO -> Datos cargados para Canada - Alberta
2023-02-05 12:00:31 - Country Logger de Canada - INFO -> Datos cargados para Canada - British Columbia
2023-02-05 12:00:31 - Country Logger de Canada - INFO -> Datos cargados para Canada - Diamond Princess
2023-02-05 12:00:31 - Country Logger de Canada - INFO -> Datos cargados para Canada - Grand Princess
2023-02-05 12:00:31 - Country Logger de Canada - INFO -> Datos cargados para Canada - Manitoba
2023-02-05 12:00:31 - Country Logger de Canada - INFO -> Datos cargados para Canada - New Brunswick
2023-02-05 12:00:31 - Country Logger de Canada - INFO -> Datos cargados para Canada - Newfoundland and Labrador
2023-02-05 12:00:31 - Country Logger de Canada - INFO -> Datos cargados para Canada - Northwest Territories
2023-02-05 12:00:31 - Country Logger de Canada - INFO -> Datos cargados para Canada - Nova Scotia
2023-02-05 12:00:31 - Country Logger de Canada - INFO -> Datos cargados para Canada - Nunavut
2023-02-05 12:00:31 - Country Logger de Canada - INFO -> Datos cargados para Canada - Ontario
2023-02-05 12:00:31 - Country Logger de Canada - INFO -> Datos cargados para Canada - Prince Edward Island
2023-02-05 12:00:31 - Country Logger de Canada - INFO -> Datos cargados para Canada - Quebec
2023-02-05 12:00:31 - Country Logger de Canada - INFO -> Datos cargados para Canada - Repatriated Travellers
2023-02-05 12:00:31 - Country Logger de Canada - INFO -> Datos cargados para Canada - Saskatchewan
2023-02-05 12:00:31 - Country Logger de Canada - INFO -> Datos cargados para Canada - Yukon
2023-02-05 12:00:31 - Country Logger de Central African Republic - INFO -> Datos cargados para Central African Republic
2023-02-05 12:00:31 - Country Logger de Chad - INFO -> Datos cargados para Chad
2023-02-05 12:00:31 - Country Logger de Chile - INFO -> Datos cargados para Chile
2023-02-05 12:00:31 - Country Logger de China - INFO -> Datos cargados para China - Anhui
2023-02-05 12:00:31 - Country Logger de China - INFO -> Datos cargados para China - Beijing
2023-02-05 12:00:31 - Country Logger de China - INFO -> Datos cargados para China - Chongqing
2023-02-05 12:00:31 - Country Logger de China - INFO -> Datos cargados para China - Fujian
2023-02-05 12:00:31 - Country Logger de China - INFO -> Datos cargados para China - Gansu
2023-02-05 12:00:31 - Country Logger de China - INFO -> Datos cargados para China - Guangdong
2023-02-05 12:00:31 - Country Logger de China - INFO -> Datos cargados para China - Guangxi
2023-02-05 12:00:31 - Country Logger de China - INFO -> Datos cargados para China - Guizhou
2023-02-05 12:00:31 - Country Logger de China - INFO -> Datos cargados para China - Hainan
2023-02-05 12:00:31 - Country Logger de China - INFO -> Datos cargados para China - Hebei
2023-02-05 12:00:31 - Country Logger de China - INFO -> Datos cargados para China - Heilongjiang
2023-02-05 12:00:31 - Country Logger de China - INFO -> Datos cargados para China - Henan
2023-02-05 12:00:31 - Country Logger de China - INFO -> Datos cargados para China - Hong Kong
2023-02-05 12:00:31 - Country Logger de China - INFO -> Datos cargados para China - Hubei
2023-02-05 12:00:31 - Country Logger de China - INFO -> Datos cargados para China - Hunan
2023-02-05 12:00:31 - Country Logger de China - INFO -> Datos cargados para China - Inner Mongolia
2023-02-05 12:00:31 - Country Logger de China - INFO -> Datos cargados para China - Jiangsu
2023-02-05 12:00:31 - Country Logger de China - INFO -> Datos cargados para China - Jiangxi
2023-02-05 12:00:31 - Country Logger de China - INFO -> Datos cargados para China - Jilin
2023-02-05 12:00:31 - Country Logger de China - INFO -> Datos cargados para China - Liaoning
2023-02-05 12:00:31 - Country Logger de China - INFO -> Datos cargados para China - Macau
2023-02-05 12:00:31 - Country Logger de China - INFO -> Datos cargados para China - Ningxia
2023-02-05 12:00:31 - Country Logger de China - INFO -> Datos cargados para China - Qinghai
2023-02-05 12:00:31 - Country Logger de China - INFO -> Datos cargados para China - Shaanxi
2023-02-05 12:00:31 - Country Logger de China - INFO -> Datos cargados para China - Shandong
2023-02-05 12:00:31 - Country Logger de China - INFO -> Datos cargados para China - Shanghai
2023-02-05 12:00:31 - Country Logger de China - INFO -> Datos cargados para China - Shanxi
2023-02-05 12:00:31 - Country Logger de China - INFO -> Datos cargados para China - Sichuan
2023-02-05 12:00:31 - Country Logger de China - INFO -> Datos cargados para China - Tianjin
2023-02-05 12:00:31 - Country Logger de China - INFO -> Datos cargados para China - Tibet
2023-02-05 12:00:31 - Country Logger de China - INFO -> Datos cargados para China - Unknown
2023-02-05 12:00:31 - Country Logger de China - INFO -> Datos cargados para China - Xinjiang
2023-02-05 12:00:31 - Country Logger de China - INFO -> Datos cargados para China - Yunnan
2023-02-05 12:00:31 - Country Logger de China - INFO -> Datos cargados para China - Zhejiang
2023-02-05 12:00:31 - Country Logger de Colombia - INFO -> Datos cargados para Colombia
2023-02-05 12:00:31 - Country Logger de Comoros - INFO -> Datos cargados para Comoros
2023-02-05 12:00:31 - Country Logger de Congo (Brazzaville) - INFO -> Datos cargados para Congo (Brazzaville)
2023-02-05 12:00:31 - Country Logger de Congo (Kinshasa) - INFO -> Datos cargados para Congo (Kinshasa)
2023-02-05 12:00:31 - Country Logger de Costa Rica - INFO -> Datos cargados para Costa Rica
2023-02-05 12:00:31 - Country Logger de Cote d'Ivoire - INFO -> Datos cargados para Cote d'Ivoire
2023-02-05 12:00:31 - Country Logger de Croatia - INFO -> Datos cargados para Croatia
2023-02-05 12:00:31 - Country Logger de Cuba - INFO -> Datos cargados para Cuba
2023-02-05 12:00:31 - Country Logger de Cyprus - INFO -> Datos cargados para Cyprus
2023-02-05 12:00:31 - Country Logger de Czechia - INFO -> Datos cargados para Czechia
2023-02-05 12:00:31 - Country Logger de Denmark - INFO -> Datos cargados para Denmark - Faroe Islands
2023-02-05 12:00:31 - Country Logger de Denmark - INFO -> Datos cargados para Denmark - Greenland
2023-02-05 12:00:31 - Country Logger de Denmark - INFO -> Datos cargados para Denmark
2023-02-05 12:00:31 - Country Logger de Diamond Princess - INFO -> Datos cargados para Diamond Princess
2023-02-05 12:00:31 - Country Logger de Djibouti - INFO -> Datos cargados para Djibouti
2023-02-05 12:00:31 - Country Logger de Dominica - INFO -> Datos cargados para Dominica
2023-02-05 12:00:31 - Country Logger de Dominican Republic - INFO -> Datos cargados para Dominican Republic
2023-02-05 12:00:31 - Country Logger de Ecuador - INFO -> Datos cargados para Ecuador
2023-02-05 12:00:31 - Country Logger de Egypt - INFO -> Datos cargados para Egypt
2023-02-05 12:00:31 - Country Logger de El Salvador - INFO -> Datos cargados para El Salvador
2023-02-05 12:00:31 - Country Logger de Equatorial Guinea - INFO -> Datos cargados para Equatorial Guinea
2023-02-05 12:00:31 - Country Logger de Eritrea - INFO -> Datos cargados para Eritrea
2023-02-05 12:00:31 - Country Logger de Estonia - INFO -> Datos cargados para Estonia
2023-02-05 12:00:31 - Country Logger de Eswatini - INFO -> Datos cargados para Eswatini
2023-02-05 12:00:31 - Country Logger de Ethiopia - INFO -> Datos cargados para Ethiopia
2023-02-05 12:00:31 - Country Logger de Fiji - INFO -> Datos cargados para Fiji
2023-02-05 12:00:31 - Country Logger de Finland - INFO -> Datos cargados para Finland
2023-02-05 12:00:31 - Country Logger de France - INFO -> Datos cargados para France - French Guiana
2023-02-05 12:00:31 - Country Logger de France - INFO -> Datos cargados para France - French Polynesia
2023-02-05 12:00:31 - Country Logger de France - INFO -> Datos cargados para France - Guadeloupe
2023-02-05 12:00:31 - Country Logger de France - INFO -> Datos cargados para France - Martinique
2023-02-05 12:00:31 - Country Logger de France - INFO -> Datos cargados para France - Mayotte
2023-02-05 12:00:31 - Country Logger de France - INFO -> Datos cargados para France - New Caledonia
2023-02-05 12:00:31 - Country Logger de France - INFO -> Datos cargados para France - Reunion
2023-02-05 12:00:31 - Country Logger de France - INFO -> Datos cargados para France - Saint Barthelemy
2023-02-05 12:00:31 - Country Logger de France - INFO -> Datos cargados para France - Saint Pierre and Miquelon
2023-02-05 12:00:31 - Country Logger de France - INFO -> Datos cargados para France - St Martin
2023-02-05 12:00:31 - Country Logger de France - INFO -> Datos cargados para France - Wallis and Futuna
2023-02-05 12:00:31 - Country Logger de France - INFO -> Datos cargados para France
2023-02-05 12:00:31 - Country Logger de Gabon - INFO -> Datos cargados para Gabon
2023-02-05 12:00:31 - Country Logger de Gambia - INFO -> Datos cargados para Gambia
2023-02-05 12:00:31 - Country Logger de Georgia - INFO -> Datos cargados para Georgia
2023-02-05 12:00:31 - Country Logger de Germany - INFO -> Datos cargados para Germany
2023-02-05 12:00:31 - Country Logger de Ghana - INFO -> Datos cargados para Ghana
2023-02-05 12:00:31 - Country Logger de Greece - INFO -> Datos cargados para Greece
2023-02-05 12:00:31 - Country Logger de Grenada - INFO -> Datos cargados para Grenada
2023-02-05 12:00:31 - Country Logger de Guatemala - INFO -> Datos cargados para Guatemala
2023-02-05 12:00:31 - Country Logger de Guinea - INFO -> Datos cargados para Guinea
2023-02-05 12:00:31 - Country Logger de Guinea-Bissau - INFO -> Datos cargados para Guinea-Bissau
2023-02-05 12:00:31 - Country Logger de Guyana - INFO -> Datos cargados para Guyana
2023-02-05 12:00:31 - Country Logger de Haiti - INFO -> Datos cargados para Haiti
2023-02-05 12:00:31 - Country Logger de Holy See - INFO -> Datos cargados para Holy See
2023-02-05 12:00:31 - Country Logger de Honduras - INFO -> Datos cargados para Honduras
2023-02-05 12:00:31 - Country Logger de Hungary - INFO -> Datos cargados para Hungary
2023-02-05 12:00:31 - Country Logger de Iceland - INFO -> Datos cargados para Iceland
2023-02-05 12:00:31 - Country Logger de India - INFO -> Datos cargados para India
2023-02-05 12:00:31 - Country Logger de Indonesia - INFO -> Datos cargados para Indonesia
2023-02-05 12:00:31 - Country Logger de Iran - INFO -> Datos cargados para Iran
2023-02-05 12:00:31 - Country Logger de Iraq - INFO -> Datos cargados para Iraq
2023-02-05 12:00:31 - Country Logger de Ireland - INFO -> Datos cargados para Ireland
2023-02-05 12:00:31 - Country Logger de Israel - INFO -> Datos cargados para Israel
2023-02-05 12:00:31 - Country Logger de Italy - INFO -> Datos cargados para Italy
2023-02-05 12:00:31 - Country Logger de Jamaica - INFO -> Datos cargados para Jamaica
2023-02-05 12:00:31 - Country Logger de Japan - INFO -> Datos cargados para Japan
2023-02-05 12:00:31 - Country Logger de Jordan - INFO -> Datos cargados para Jordan
2023-02-05 12:00:31 - Country Logger de Kazakhstan - INFO -> Datos cargados para Kazakhstan
2023-02-05 12:00:31 - Country Logger de Kenya - INFO -> Datos cargados para Kenya
2023-02-05 12:00:31 - Country Logger de Kiribati - INFO -> Datos cargados para Kiribati
2023-02-05 12:00:31 - Country Logger de Korea, North - INFO -> Datos cargados para Korea, North
2023-02-05 12:00:31 - Country Logger de Korea, South - INFO -> Datos cargados para Korea, South
2023-02-05 12:00:31 - Country Logger de Kosovo - INFO -> Datos cargados para Kosovo
2023-02-05 12:00:31 - Country Logger de Kuwait - INFO -> Datos cargados para Kuwait
2023-02-05 12:00:31 - Country Logger de Kyrgyzstan - INFO -> Datos cargados para Kyrgyzstan
2023-02-05 12:00:31 - Country Logger de Laos - INFO -> Datos cargados para Laos
2023-02-05 12:00:31 - Country Logger de Latvia - INFO -> Datos cargados para Latvia
2023-02-05 12:00:31 - Country Logger de Lebanon - INFO -> Datos cargados para Lebanon
2023-02-05 12:00:31 - Country Logger de Lesotho - INFO -> Datos cargados para Lesotho
2023-02-05 12:00:31 - Country Logger de Liberia - INFO -> Datos cargados para Liberia
2023-02-05 12:00:31 - Country Logger de Libya - INFO -> Datos cargados para Libya
2023-02-05 12:00:31 - Country Logger de Liechtenstein - INFO -> Datos cargados para Liechtenstein
2023-02-05 12:00:31 - Country Logger de Lithuania - INFO -> Datos cargados para Lithuania
2023-02-05 12:00:31 - Country Logger de Luxembourg - INFO -> Datos cargados para Luxembourg
2023-02-05 12:00:31 - Country Logger de MS Zaandam - INFO -> Datos cargados para MS Zaandam
2023-02-05 12:00:31 - Country Logger de Madagascar - INFO -> Datos cargados para Madagascar
2023-02-05 12:00:31 - Country Logger de Malawi - INFO -> Datos cargados para Malawi
2023-02-05 12:00:31 - Country Logger de Malaysia - INFO -> Datos cargados para Malaysia
2023-02-05 12:00:31 - Country Logger de Maldives - INFO -> Datos cargados para Maldives
2023-02-05 12:00:31 - Country Logger de Mali - INFO -> Datos cargados para Mali
2023-02-05 12:00:31 - Country Logger de Malta - INFO -> Datos cargados para Malta
2023-02-05 12:00:31 - Country Logger de Marshall Islands - INFO -> Datos cargados para Marshall Islands
2023-02-05 12:00:31 - Country Logger de Mauritania - INFO -> Datos cargados para Mauritania
2023-02-05 12:00:31 - Country Logger de Mauritius - INFO -> Datos cargados para Mauritius
2023-02-05 12:00:31 - Country Logger de Mexico - INFO -> Datos cargados para Mexico
2023-02-05 12:00:31 - Country Logger de Micronesia - INFO -> Datos cargados para Micronesia
2023-02-05 12:00:31 - Country Logger de Moldova - INFO -> Datos cargados para Moldova
2023-02-05 12:00:31 - Country Logger de Monaco - INFO -> Datos cargados para Monaco
2023-02-05 12:00:31 - Country Logger de Mongolia - INFO -> Datos cargados para Mongolia
2023-02-05 12:00:31 - Country Logger de Montenegro - INFO -> Datos cargados para Montenegro
2023-02-05 12:00:31 - Country Logger de Morocco - INFO -> Datos cargados para Morocco
2023-02-05 12:00:31 - Country Logger de Mozambique - INFO -> Datos cargados para Mozambique
2023-02-05 12:00:31 - Country Logger de Namibia - INFO -> Datos cargados para Namibia
2023-02-05 12:00:31 - Country Logger de Nauru - INFO -> Datos cargados para Nauru
2023-02-05 12:00:31 - Country Logger de Nepal - INFO -> Datos cargados para Nepal
2023-02-05 12:00:31 - Country Logger de Netherlands - INFO -> Datos cargados para Netherlands - Aruba
2023-02-05 12:00:31 - Country Logger de Netherlands - INFO -> Datos cargados para Netherlands - Bonaire, Sint Eustatius and Saba
2023-02-05 12:00:31 - Country Logger de Netherlands - INFO -> Datos cargados para Netherlands - Curacao
2023-02-05 12:00:31 - Country Logger de Netherlands - INFO -> Datos cargados para Netherlands - Sint Maarten
2023-02-05 12:00:31 - Country Logger de Netherlands - INFO -> Datos cargados para Netherlands
2023-02-05 12:00:31 - Country Logger de New Zealand - INFO -> Datos cargados para New Zealand - Cook Islands
2023-02-05 12:00:31 - Country Logger de New Zealand - INFO -> Datos cargados para New Zealand - Niue
2023-02-05 12:00:31 - Country Logger de New Zealand - INFO -> Datos cargados para New Zealand
2023-02-05 12:00:31 - Country Logger de Nicaragua - INFO -> Datos cargados para Nicaragua
2023-02-05 12:00:31 - Country Logger de Niger - INFO -> Datos cargados para Niger
2023-02-05 12:00:31 - Country Logger de Nigeria - INFO -> Datos cargados para Nigeria
2023-02-05 12:00:31 - Country Logger de North Macedonia - INFO -> Datos cargados para North Macedonia
2023-02-05 12:00:31 - Country Logger de Norway - INFO -> Datos cargados para Norway
2023-02-05 12:00:31 - Country Logger de Oman - INFO -> Datos cargados para Oman
2023-02-05 12:00:31 - Country Logger de Pakistan - INFO -> Datos cargados para Pakistan
2023-02-05 12:00:31 - Country Logger de Palau - INFO -> Datos cargados para Palau
2023-02-05 12:00:31 - Country Logger de Panama - INFO -> Datos cargados para Panama
2023-02-05 12:00:31 - Country Logger de Papua New Guinea - INFO -> Datos cargados para Papua New Guinea
2023-02-05 12:00:31 - Country Logger de Paraguay - INFO -> Datos cargados para Paraguay
2023-02-05 12:00:31 - Country Logger de Peru - INFO -> Datos cargados para Peru
2023-02-05 12:00:31 - Country Logger de Philippines - INFO -> Datos cargados para Philippines
2023-02-05 12:00:31 - Country Logger de Poland - INFO -> Datos cargados para Poland
2023-02-05 12:00:31 - Country Logger de Portugal - INFO -> Datos cargados para Portugal
2023-02-05 12:00:31 - Country Logger de Qatar - INFO -> Datos cargados para Qatar
2023-02-05 12:00:31 - Country Logger de Romania - INFO -> Datos cargados para Romania
2023-02-05 12:00:31 - Country Logger de Russia - INFO -> Datos cargados para Russia
2023-02-05 12:00:31 - Country Logger de Rwanda - INFO -> Datos cargados para Rwanda
2023-02-05 12:00:31 - Country Logger de Saint Kitts and Nevis - INFO -> Datos cargados para Saint Kitts and Nevis
2023-02-05 12:00:31 - Country Logger de Saint Lucia - INFO -> Datos cargados para Saint Lucia
2023-02-05 12:00:31 - Country Logger de Saint Vincent and the Grenadines - INFO -> Datos cargados para Saint Vincent and the Grenadines
2023-02-05 12:00:31 - Country Logger de Samoa - INFO -> Datos cargados para Samoa
2023-02-05 12:00:31 - Country Logger de San Marino - INFO -> Datos cargados para San Marino
2023-02-05 12:00:31 - Country Logger de Sao Tome and Principe - INFO -> Datos cargados para Sao Tome and Principe
2023-02-05 12:00:31 - Country Logger de Saudi Arabia - INFO -> Datos cargados para Saudi Arabia
2023-02-05 12:00:31 - Country Logger de Senegal - INFO -> Datos cargados para Senegal
2023-02-05 12:00:31 - Country Logger de Serbia - INFO -> Datos cargados para Serbia
2023-02-05 12:00:31 - Country Logger de Seychelles - INFO -> Datos cargados para Seychelles
2023-02-05 12:00:31 - Country Logger de Sierra Leone - INFO -> Datos cargados para Sierra Leone
2023-02-05 12:00:31 - Country Logger de Singapore - INFO -> Datos cargados para Singapore
2023-02-05 12:00:31 - Country Logger de Slovakia - INFO -> Datos cargados para Slovakia
2023-02-05 12:00:31 - Country Logger de Slovenia - INFO -> Datos cargados para Slovenia
2023-02-05 12:00:31 - Country Logger de Solomon Islands - INFO -> Datos cargados para Solomon Islands
2023-02-05 12:00:31 - Country Logger de Somalia - INFO -> Datos cargados para Somalia
2023-02-05 12:00:31 - Country Logger de South Africa - INFO -> Datos cargados para South Africa
2023-02-05 12:00:31 - Country Logger de South Sudan - INFO -> Datos cargados para South Sudan
2023-02-05 12:00:31 - Country Logger de Spain - INFO -> Datos cargados para Spain
2023-02-05 12:00:31 - Country Logger de Sri Lanka - INFO -> Datos cargados para Sri Lanka
2023-02-05 12:00:31 - Country Logger de Sudan - INFO -> Datos cargados para Sudan
2023-02-05 12:00:31 - Country Logger de Summer Olympics 2020 - INFO -> Datos cargados para Summer Olympics 2020
2023-02-05 12:00:31 - Country Logger de Suriname - INFO -> Datos cargados para Suriname
2023-02-05 12:00:31 - Country Logger de Sweden - INFO -> Datos cargados para Sweden
2023-02-05 12:00:31 - Country Logger de Switzerland - INFO -> Datos cargados para Switzerland
2023-02-05 12:00:31 - Country Logger de Syria - INFO -> Datos cargados para Syria
2023-02-05 12:00:31 - Country Logger de Taiwan* - INFO -> Datos cargados para Taiwan*
2023-02-05 12:00:31 - Country Logger de Tajikistan - INFO -> Datos cargados para Tajikistan
2023-02-05 12:00:31 - Country Logger de Tanzania - INFO -> Datos cargados para Tanzania
2023-02-05 12:00:31 - Country Logger de Thailand - INFO -> Datos cargados para Thailand
2023-02-05 12:00:31 - Country Logger de Timor-Leste - INFO -> Datos cargados para Timor-Leste
2023-02-05 12:00:31 - Country Logger de Togo - INFO -> Datos cargados para Togo
2023-02-05 12:00:31 - Country Logger de Tonga - INFO -> Datos cargados para Tonga
2023-02-05 12:00:31 - Country Logger de Trinidad and Tobago - INFO -> Datos cargados para Trinidad and Tobago
2023-02-05 12:00:31 - Country Logger de Tunisia - INFO -> Datos cargados para Tunisia
2023-02-05 12:00:31 - Country Logger de Turkey - INFO -> Datos cargados para Turkey
2023-02-05 12:00:31 - Country Logger de Tuvalu - INFO -> Datos cargados para Tuvalu
2023-02-05 12:00:31 - Country Logger de US - INFO -> Datos cargados para US
2023-02-05 12:00:31 - Country Logger de Uganda - INFO -> Datos cargados para Uganda
2023-02-05 12:00:31 - Country Logger de Ukraine - INFO -> Datos cargados para Ukraine
2023-02-05 12:00:31 - Country Logger de United Arab Emirates - INFO -> Datos cargados para United Arab Emirates
2023-02-05 12:00:31 - Country Logger de United Kingdom - INFO -> Datos cargados para United Kingdom - Anguilla
2023-02-05 12:00:31 - Country Logger de United Kingdom - INFO -> Datos cargados para United Kingdom - Bermuda
2023-02-05 12:00:31 - Country Logger de United Kingdom - INFO -> Datos cargados para United Kingdom - British Virgin Islands
2023-02-05 12:00:31 - Country Logger de United Kingdom - INFO -> Datos cargados para United Kingdom - Cayman Islands
2023-02-05 12:00:31 - Country Logger de United Kingdom - INFO -> Datos cargados para United Kingdom - Channel Islands
2023-02-05 12:00:31 - Country Logger de United Kingdom - INFO -> Datos cargados para United Kingdom - Falkland Islands (Malvinas)
2023-02-05 12:00:31 - Country Logger de United Kingdom - INFO -> Datos cargados para United Kingdom - Gibraltar
2023-02-05 12:00:31 - Country Logger de United Kingdom - INFO -> Datos cargados para United Kingdom - Guernsey
2023-02-05 12:00:31 - Country Logger de United Kingdom - INFO -> Datos cargados para United Kingdom - Isle of Man
2023-02-05 12:00:31 - Country Logger de United Kingdom - INFO -> Datos cargados para United Kingdom - Jersey
2023-02-05 12:00:31 - Country Logger de United Kingdom - INFO -> Datos cargados para United Kingdom - Montserrat
2023-02-05 12:00:31 - Country Logger de United Kingdom - INFO -> Datos cargados para United Kingdom - Pitcairn Islands
2023-02-05 12:00:31 - Country Logger de United Kingdom - INFO -> Datos cargados para United Kingdom - Saint Helena, Ascension and Tristan da Cunha
2023-02-05 12:00:31 - Country Logger de United Kingdom - INFO -> Datos cargados para United Kingdom - Turks and Caicos Islands
2023-02-05 12:00:31 - Country Logger de United Kingdom - INFO -> Datos cargados para United Kingdom
2023-02-05 12:00:31 - Country Logger de Uruguay - INFO -> Datos cargados para Uruguay
2023-02-05 12:00:31 - Country Logger de Uzbekistan - INFO -> Datos cargados para Uzbekistan
2023-02-05 12:00:31 - Country Logger de Vanuatu - INFO -> Datos cargados para Vanuatu
2023-02-05 12:00:31 - Country Logger de Venezuela - INFO -> Datos cargados para Venezuela
2023-02-05 12:00:31 - Country Logger de Vietnam - INFO -> Datos cargados para Vietnam
2023-02-05 12:00:31 - Country Logger de West Bank and Gaza - INFO -> Datos cargados para West Bank and Gaza
2023-02-05 12:00:31 - Country Logger de Winter Olympics 2022 - INFO -> Datos cargados para Winter Olympics 2022
2023-02-05 12:00:31 - Country Logger de Yemen - INFO -> Datos cargados para Yemen
2023-02-05 12:00:31 - Country Logger de Zambia - INFO -> Datos cargados para Zambia
2023-02-05 12:00:31 - Country Logger de Zimbabwe - INFO -> Datos cargados para Zimbabwe
2023-02-05 12:00:31 - Covid Charts - INFO -> Cargada la informacin de casos confirmados.
2023-02-05 12:00:31 - Country Logger de Afghanistan - INFO -> Datos cargados para Afghanistan
2023-02-05 12:00:31 - Country Logger de Albania - INFO -> Datos cargados para Albania
2023-02-05 12:00:31 - Country Logger de Algeria - INFO -> Datos cargados para Algeria
2023-02-05 12:00:31 - Country Logger de Andorra - INFO -> Datos cargados para Andorra
2023-02-05 12:00:31 - Country Logger de Angola - INFO -> Datos cargados para Angola
2023-02-05 12:00:31 - Country Logger de Antarctica - INFO -> Datos cargados para Antarctica
2023-02-05 12:00:31 - Country Logger de Antigua and Barbuda - INFO -> Datos cargados para Antigua and Barbuda
2023-02-05 12:00:31 - Country Logger de Argentina - INFO -> Datos cargados para Argentina
2023-02-05 12:00:31 - Country Logger de Armenia - INFO -> Datos cargados para Armenia
2023-02-05 12:00:31 - Country Logger de Australia - INFO -> Datos cargados para Australia - Australian Capital Territory
2023-02-05 12:00:31 - Country Logger de Australia - INFO -> Datos cargados para Australia - New South Wales
2023-02-05 12:00:31 - Country Logger de Australia - INFO -> Datos cargados para Australia - Northern Territory
2023-02-05 12:00:31 - Country Logger de Australia - INFO -> Datos cargados para Australia - Queensland
2023-02-05 12:00:31 - Country Logger de Australia - INFO -> Datos cargados para Australia - South Australia
2023-02-05 12:00:31 - Country Logger de Australia - INFO -> Datos cargados para Australia - Tasmania
2023-02-05 12:00:31 - Country Logger de Australia - INFO -> Datos cargados para Australia - Victoria
2023-02-05 12:00:31 - Country Logger de Australia - INFO -> Datos cargados para Australia - Western Australia
2023-02-05 12:00:31 - Country Logger de Austria - INFO -> Datos cargados para Austria
2023-02-05 12:00:31 - Country Logger de Azerbaijan - INFO -> Datos cargados para Azerbaijan
2023-02-05 12:00:31 - Country Logger de Bahamas - INFO -> Datos cargados para Bahamas
2023-02-05 12:00:31 - Country Logger de Bahrain - INFO -> Datos cargados para Bahrain
2023-02-05 12:00:31 - Country Logger de Bangladesh - INFO -> Datos cargados para Bangladesh
2023-02-05 12:00:31 - Country Logger de Barbados - INFO -> Datos cargados para Barbados
2023-02-05 12:00:31 - Country Logger de Belarus - INFO -> Datos cargados para Belarus
2023-02-05 12:00:31 - Country Logger de Belgium - INFO -> Datos cargados para Belgium
2023-02-05 12:00:31 - Country Logger de Belize - INFO -> Datos cargados para Belize
2023-02-05 12:00:31 - Country Logger de Benin - INFO -> Datos cargados para Benin
2023-02-05 12:00:31 - Country Logger de Bhutan - INFO -> Datos cargados para Bhutan
2023-02-05 12:00:31 - Country Logger de Bolivia - INFO -> Datos cargados para Bolivia
2023-02-05 12:00:31 - Country Logger de Bosnia and Herzegovina - INFO -> Datos cargados para Bosnia and Herzegovina
2023-02-05 12:00:31 - Country Logger de Botswana - INFO -> Datos cargados para Botswana
2023-02-05 12:00:31 - Country Logger de Brazil - INFO -> Datos cargados para Brazil
2023-02-05 12:00:31 - Country Logger de Brunei - INFO -> Datos cargados para Brunei
2023-02-05 12:00:31 - Country Logger de Bulgaria - INFO -> Datos cargados para Bulgaria
2023-02-05 12:00:31 - Country Logger de Burkina Faso - INFO -> Datos cargados para Burkina Faso
2023-02-05 12:00:31 - Country Logger de Burma - INFO -> Datos cargados para Burma
2023-02-05 12:00:31 - Country Logger de Burundi - INFO -> Datos cargados para Burundi
2023-02-05 12:00:31 - Country Logger de Cabo Verde - INFO -> Datos cargados para Cabo Verde
2023-02-05 12:00:31 - Country Logger de Cambodia - INFO -> Datos cargados para Cambodia
2023-02-05 12:00:31 - Country Logger de Cameroon - INFO -> Datos cargados para Cameroon
2023-02-05 12:00:31 - Country Logger de Canada - INFO -> Datos cargados para Canada - Alberta
2023-02-05 12:00:31 - Country Logger de Canada - INFO -> Datos cargados para Canada - British Columbia
2023-02-05 12:00:31 - Country Logger de Canada - INFO -> Datos cargados para Canada - Diamond Princess
2023-02-05 12:00:31 - Country Logger de Canada - INFO -> Datos cargados para Canada - Grand Princess
2023-02-05 12:00:31 - Country Logger de Canada - INFO -> Datos cargados para Canada - Manitoba
2023-02-05 12:00:31 - Country Logger de Canada - INFO -> Datos cargados para Canada - New Brunswick
2023-02-05 12:00:31 - Country Logger de Canada - INFO -> Datos cargados para Canada - Newfoundland and Labrador
2023-02-05 12:00:31 - Country Logger de Canada - INFO -> Datos cargados para Canada - Northwest Territories
2023-02-05 12:00:31 - Country Logger de Canada - INFO -> Datos cargados para Canada - Nova Scotia
2023-02-05 12:00:31 - Country Logger de Canada - INFO -> Datos cargados para Canada - Nunavut
2023-02-05 12:00:31 - Country Logger de Canada - INFO -> Datos cargados para Canada - Ontario
2023-02-05 12:00:31 - Country Logger de Canada - INFO -> Datos cargados para Canada - Prince Edward Island
2023-02-05 12:00:31 - Country Logger de Canada - INFO -> Datos cargados para Canada - Quebec
2023-02-05 12:00:31 - Country Logger de Canada - INFO -> Datos cargados para Canada - Repatriated Travellers
2023-02-05 12:00:31 - Country Logger de Canada - INFO -> Datos cargados para Canada - Saskatchewan
2023-02-05 12:00:31 - Country Logger de Canada - INFO -> Datos cargados para Canada - Yukon
2023-02-05 12:00:31 - Country Logger de Central African Republic - INFO -> Datos cargados para Central African Republic
2023-02-05 12:00:31 - Country Logger de Chad - INFO -> Datos cargados para Chad
2023-02-05 12:00:31 - Country Logger de Chile - INFO -> Datos cargados para Chile
2023-02-05 12:00:31 - Country Logger de China - INFO -> Datos cargados para China - Anhui
2023-02-05 12:00:31 - Country Logger de China - INFO -> Datos cargados para China - Beijing
2023-02-05 12:00:31 - Country Logger de China - INFO -> Datos cargados para China - Chongqing
2023-02-05 12:00:31 - Country Logger de China - INFO -> Datos cargados para China - Fujian
2023-02-05 12:00:31 - Country Logger de China - INFO -> Datos cargados para China - Gansu
2023-02-05 12:00:31 - Country Logger de China - INFO -> Datos cargados para China - Guangdong
2023-02-05 12:00:31 - Country Logger de China - INFO -> Datos cargados para China - Guangxi
2023-02-05 12:00:31 - Country Logger de China - INFO -> Datos cargados para China - Guizhou
2023-02-05 12:00:31 - Country Logger de China - INFO -> Datos cargados para China - Hainan
2023-02-05 12:00:31 - Country Logger de China - INFO -> Datos cargados para China - Hebei
2023-02-05 12:00:31 - Country Logger de China - INFO -> Datos cargados para China - Heilongjiang
2023-02-05 12:00:31 - Country Logger de China - INFO -> Datos cargados para China - Henan
2023-02-05 12:00:31 - Country Logger de China - INFO -> Datos cargados para China - Hong Kong
2023-02-05 12:00:31 - Country Logger de China - INFO -> Datos cargados para China - Hubei
2023-02-05 12:00:31 - Country Logger de China - INFO -> Datos cargados para China - Hunan
2023-02-05 12:00:31 - Country Logger de China - INFO -> Datos cargados para China - Inner Mongolia
2023-02-05 12:00:31 - Country Logger de China - INFO -> Datos cargados para China - Jiangsu
2023-02-05 12:00:31 - Country Logger de China - INFO -> Datos cargados para China - Jiangxi
2023-02-05 12:00:31 - Country Logger de China - INFO -> Datos cargados para China - Jilin
2023-02-05 12:00:31 - Country Logger de China - INFO -> Datos cargados para China - Liaoning
2023-02-05 12:00:31 - Country Logger de China - INFO -> Datos cargados para China - Macau
2023-02-05 12:00:31 - Country Logger de China - INFO -> Datos cargados para China - Ningxia
2023-02-05 12:00:31 - Country Logger de China - INFO -> Datos cargados para China - Qinghai
2023-02-05 12:00:31 - Country Logger de China - INFO -> Datos cargados para China - Shaanxi
2023-02-05 12:00:31 - Country Logger de China - INFO -> Datos cargados para China - Shandong
2023-02-05 12:00:31 - Country Logger de China - INFO -> Datos cargados para China - Shanghai
2023-02-05 12:00:31 - Country Logger de China - INFO -> Datos cargados para China - Shanxi
2023-02-05 12:00:31 - Country Logger de China - INFO -> Datos cargados para China - Sichuan
2023-02-05 12:00:31 - Country Logger de China - INFO -> Datos cargados para China - Tianjin
2023-02-05 12:00:31 - Country Logger de China - INFO -> Datos cargados para China - Tibet
2023-02-05 12:00:31 - Country Logger de China - INFO -> Datos cargados para China - Unknown
2023-02-05 12:00:31 - Country Logger de China - INFO -> Datos cargados para China - Xinjiang
2023-02-05 12:00:31 - Country Logger de China - INFO -> Datos cargados para China - Yunnan
2023-02-05 12:00:31 - Country Logger de China - INFO -> Datos cargados para China - Zhejiang
2023-02-05 12:00:31 - Country Logger de Colombia - INFO -> Datos cargados para Colombia
2023-02-05 12:00:31 - Country Logger de Comoros - INFO -> Datos cargados para Comoros
2023-02-05 12:00:31 - Country Logger de Congo (Brazzaville) - INFO -> Datos cargados para Congo (Brazzaville)
2023-02-05 12:00:31 - Country Logger de Congo (Kinshasa) - INFO -> Datos cargados para Congo (Kinshasa)
2023-02-05 12:00:31 - Country Logger de Costa Rica - INFO -> Datos cargados para Costa Rica
2023-02-05 12:00:31 - Country Logger de Cote d'Ivoire - INFO -> Datos cargados para Cote d'Ivoire
2023-02-05 12:00:31 - Country Logger de Croatia - INFO -> Datos cargados para Croatia
2023-02-05 12:00:31 - Country Logger de Cuba - INFO -> Datos cargados para Cuba
2023-02-05 12:00:31 - Country Logger de Cyprus - INFO -> Datos cargados para Cyprus
2023-02-05 12:00:31 - Country Logger de Czechia - INFO -> Datos cargados para Czechia
2023-02-05 12:00:31 - Country Logger de Denmark - INFO -> Datos cargados para Denmark - Faroe Islands
2023-02-05 12:00:31 - Country Logger de Denmark - INFO -> Datos cargados para Denmark - Greenland
2023-02-05 12:00:31 - Country Logger de Denmark - INFO -> Datos cargados para Denmark
2023-02-05 12:00:31 - Country Logger de Diamond Princess - INFO -> Datos cargados para Diamond Princess
2023-02-05 12:00:31 - Country Logger de Djibouti - INFO -> Datos cargados para Djibouti
2023-02-05 12:00:31 - Country Logger de Dominica - INFO -> Datos cargados para Dominica
2023-02-05 12:00:31 - Country Logger de Dominican Republic - INFO -> Datos cargados para Dominican Republic
2023-02-05 12:00:31 - Country Logger de Ecuador - INFO -> Datos cargados para Ecuador
2023-02-05 12:00:31 - Country Logger de Egypt - INFO -> Datos cargados para Egypt
2023-02-05 12:00:31 - Country Logger de El Salvador - INFO -> Datos cargados para El Salvador
2023-02-05 12:00:31 - Country Logger de Equatorial Guinea - INFO -> Datos cargados para Equatorial Guinea
2023-02-05 12:00:31 - Country Logger de Eritrea - INFO -> Datos cargados para Eritrea
2023-02-05 12:00:31 - Country Logger de Estonia - INFO -> Datos cargados para Estonia
2023-02-05 12:00:31 - Country Logger de Eswatini - INFO -> Datos cargados para Eswatini
2023-02-05 12:00:31 - Country Logger de Ethiopia - INFO -> Datos cargados para Ethiopia
2023-02-05 12:00:31 - Country Logger de Fiji - INFO -> Datos cargados para Fiji
2023-02-05 12:00:31 - Country Logger de Finland - INFO -> Datos cargados para Finland
2023-02-05 12:00:31 - Country Logger de France - INFO -> Datos cargados para France - French Guiana
2023-02-05 12:00:31 - Country Logger de France - INFO -> Datos cargados para France - French Polynesia
2023-02-05 12:00:31 - Country Logger de France - INFO -> Datos cargados para France - Guadeloupe
2023-02-05 12:00:31 - Country Logger de France - INFO -> Datos cargados para France - Martinique
2023-02-05 12:00:31 - Country Logger de France - INFO -> Datos cargados para France - Mayotte
2023-02-05 12:00:31 - Country Logger de France - INFO -> Datos cargados para France - New Caledonia
2023-02-05 12:00:31 - Country Logger de France - INFO -> Datos cargados para France - Reunion
2023-02-05 12:00:31 - Country Logger de France - INFO -> Datos cargados para France - Saint Barthelemy
2023-02-05 12:00:31 - Country Logger de France - INFO -> Datos cargados para France - Saint Pierre and Miquelon
2023-02-05 12:00:31 - Country Logger de France - INFO -> Datos cargados para France - St Martin
2023-02-05 12:00:31 - Country Logger de France - INFO -> Datos cargados para France - Wallis and Futuna
2023-02-05 12:00:31 - Country Logger de France - INFO -> Datos cargados para France
2023-02-05 12:00:31 - Country Logger de Gabon - INFO -> Datos cargados para Gabon
2023-02-05 12:00:31 - Country Logger de Gambia - INFO -> Datos cargados para Gambia
2023-02-05 12:00:31 - Country Logger de Georgia - INFO -> Datos cargados para Georgia
2023-02-05 12:00:31 - Country Logger de Germany - INFO -> Datos cargados para Germany
2023-02-05 12:00:31 - Country Logger de Ghana - INFO -> Datos cargados para Ghana
2023-02-05 12:00:31 - Country Logger de Greece - INFO -> Datos cargados para Greece
2023-02-05 12:00:31 - Country Logger de Grenada - INFO -> Datos cargados para Grenada
2023-02-05 12:00:31 - Country Logger de Guatemala - INFO -> Datos cargados para Guatemala
2023-02-05 12:00:31 - Country Logger de Guinea - INFO -> Datos cargados para Guinea
2023-02-05 12:00:31 - Country Logger de Guinea-Bissau - INFO -> Datos cargados para Guinea-Bissau
2023-02-05 12:00:31 - Country Logger de Guyana - INFO -> Datos cargados para Guyana
2023-02-05 12:00:31 - Country Logger de Haiti - INFO -> Datos cargados para Haiti
2023-02-05 12:00:31 - Country Logger de Holy See - INFO -> Datos cargados para Holy See
2023-02-05 12:00:31 - Country Logger de Honduras - INFO -> Datos cargados para Honduras
2023-02-05 12:00:31 - Country Logger de Hungary - INFO -> Datos cargados para Hungary
2023-02-05 12:00:31 - Country Logger de Iceland - INFO -> Datos cargados para Iceland
2023-02-05 12:00:31 - Country Logger de India - INFO -> Datos cargados para India
2023-02-05 12:00:31 - Country Logger de Indonesia - INFO -> Datos cargados para Indonesia
2023-02-05 12:00:31 - Country Logger de Iran - INFO -> Datos cargados para Iran
2023-02-05 12:00:31 - Country Logger de Iraq - INFO -> Datos cargados para Iraq
2023-02-05 12:00:31 - Country Logger de Ireland - INFO -> Datos cargados para Ireland
2023-02-05 12:00:31 - Country Logger de Israel - INFO -> Datos cargados para Israel
2023-02-05 12:00:31 - Country Logger de Italy - INFO -> Datos cargados para Italy
2023-02-05 12:00:31 - Country Logger de Jamaica - INFO -> Datos cargados para Jamaica
2023-02-05 12:00:31 - Country Logger de Japan - INFO -> Datos cargados para Japan
2023-02-05 12:00:31 - Country Logger de Jordan - INFO -> Datos cargados para Jordan
2023-02-05 12:00:31 - Country Logger de Kazakhstan - INFO -> Datos cargados para Kazakhstan
2023-02-05 12:00:31 - Country Logger de Kenya - INFO -> Datos cargados para Kenya
2023-02-05 12:00:31 - Country Logger de Kiribati - INFO -> Datos cargados para Kiribati
2023-02-05 12:00:31 - Country Logger de Korea, North - INFO -> Datos cargados para Korea, North
2023-02-05 12:00:31 - Country Logger de Korea, South - INFO -> Datos cargados para Korea, South
2023-02-05 12:00:31 - Country Logger de Kosovo - INFO -> Datos cargados para Kosovo
2023-02-05 12:00:31 - Country Logger de Kuwait - INFO -> Datos cargados para Kuwait
2023-02-05 12:00:31 - Country Logger de Kyrgyzstan - INFO -> Datos cargados para Kyrgyzstan
2023-02-05 12:00:31 - Country Logger de Laos - INFO -> Datos cargados para Laos
2023-02-05 12:00:31 - Country Logger de Latvia - INFO -> Datos cargados para Latvia
2023-02-05 12:00:31 - Country Logger de Lebanon - INFO -> Datos cargados para Lebanon
2023-02-05 12:00:31 - Country Logger de Lesotho - INFO -> Datos cargados para Lesotho
2023-02-05 12:00:31 - Country Logger de Liberia - INFO -> Datos cargados para Liberia
2023-02-05 12:00:31 - Country Logger de Libya - INFO -> Datos cargados para Libya
2023-02-05 12:00:31 - Country Logger de Liechtenstein - INFO -> Datos cargados para Liechtenstein
2023-02-05 12:00:31 - Country Logger de Lithuania - INFO -> Datos cargados para Lithuania
2023-02-05 12:00:31 - Country Logger de Luxembourg - INFO -> Datos cargados para Luxembourg
2023-02-05 12:00:31 - Country Logger de MS Zaandam - INFO -> Datos cargados para MS Zaandam
2023-02-05 12:00:31 - Country Logger de Madagascar - INFO -> Datos cargados para Madagascar
2023-02-05 12:00:31 - Country Logger de Malawi - INFO -> Datos cargados para Malawi
2023-02-05 12:00:31 - Country Logger de Malaysia - INFO -> Datos cargados para Malaysia
2023-02-05 12:00:31 - Country Logger de Maldives - INFO -> Datos cargados para Maldives
2023-02-05 12:00:31 - Country Logger de Mali - INFO -> Datos cargados para Mali
2023-02-05 12:00:31 - Country Logger de Malta - INFO -> Datos cargados para Malta
2023-02-05 12:00:31 - Country Logger de Marshall Islands - INFO -> Datos cargados para Marshall Islands
2023-02-05 12:00:31 - Country Logger de Mauritania - INFO -> Datos cargados para Mauritania
2023-02-05 12:00:31 - Country Logger de Mauritius - INFO -> Datos cargados para Mauritius
2023-02-05 12:00:31 - Country Logger de Mexico - INFO -> Datos cargados para Mexico
2023-02-05 12:00:31 - Country Logger de Micronesia - INFO -> Datos cargados para Micronesia
2023-02-05 12:00:31 - Country Logger de Moldova - INFO -> Datos cargados para Moldova
2023-02-05 12:00:31 - Country Logger de Monaco - INFO -> Datos cargados para Monaco
2023-02-05 12:00:31 - Country Logger de Mongolia - INFO -> Datos cargados para Mongolia
2023-02-05 12:00:31 - Country Logger de Montenegro - INFO -> Datos cargados para Montenegro
2023-02-05 12:00:31 - Country Logger de Morocco - INFO -> Datos cargados para Morocco
2023-02-05 12:00:31 - Country Logger de Mozambique - INFO -> Datos cargados para Mozambique
2023-02-05 12:00:31 - Country Logger de Namibia - INFO -> Datos cargados para Namibia
2023-02-05 12:00:31 - Country Logger de Nauru - INFO -> Datos cargados para Nauru
2023-02-05 12:00:31 - Country Logger de Nepal - INFO -> Datos cargados para Nepal
2023-02-05 12:00:31 - Country Logger de Netherlands - INFO -> Datos cargados para Netherlands - Aruba
2023-02-05 12:00:31 - Country Logger de Netherlands - INFO -> Datos cargados para Netherlands - Bonaire, Sint Eustatius and Saba
2023-02-05 12:00:31 - Country Logger de Netherlands - INFO -> Datos cargados para Netherlands - Curacao
2023-02-05 12:00:31 - Country Logger de Netherlands - INFO -> Datos cargados para Netherlands - Sint Maarten
2023-02-05 12:00:31 - Country Logger de Netherlands - INFO -> Datos cargados para Netherlands
2023-02-05 12:00:31 - Country Logger de New Zealand - INFO -> Datos cargados para New Zealand - Cook Islands
2023-02-05 12:00:31 - Country Logger de New Zealand - INFO -> Datos cargados para New Zealand - Niue
2023-02-05 12:00:31 - Country Logger de New Zealand - INFO -> Datos cargados para New Zealand
2023-02-05 12:00:31 - Country Logger de Nicaragua - INFO -> Datos cargados para Nicaragua
2023-02-05 12:00:31 - Country Logger de Niger - INFO -> Datos cargados para Niger
2023-02-05 12:00:31 - Country Logger de Nigeria - INFO -> Datos cargados para Nigeria
2023-02-05 12:00:31 - Country Logger de North Macedonia - INFO -> Datos cargados para North Macedonia
2023-02-05 12:00:31 - Country Logger de Norway - INFO -> Datos cargados para Norway
2023-02-05 12:00:31 - Country Logger de Oman - INFO -> Datos cargados para Oman
2023-02-05 12:00:31 - Country Logger de Pakistan - INFO -> Datos cargados para Pakistan
2023-02-05 12:00:31 - Country Logger de Palau - INFO -> Datos cargados para Palau
2023-02-05 12:00:31 - Country Logger de Panama - INFO -> Datos cargados para Panama
2023-02-05 12:00:31 - Country Logger de Papua New Guinea - INFO -> Datos cargados para Papua New Guinea
2023-02-05 12:00:31 - Country Logger de Paraguay - INFO -> Datos cargados para Paraguay
2023-02-05 12:00:31 - Country Logger de Peru - INFO -> Datos cargados para Peru
2023-02-05 12:00:31 - Country Logger de Philippines - INFO -> Datos cargados para Philippines
2023-02-05 12:00:31 - Country Logger de Poland - INFO -> Datos cargados para Poland
2023-02-05 12:00:31 - Country Logger de Portugal - INFO -> Datos cargados para Portugal
2023-02-05 12:00:31 - Country Logger de Qatar - INFO -> Datos cargados para Qatar
2023-02-05 12:00:31 - Country Logger de Romania - INFO -> Datos cargados para Romania
2023-02-05 12:00:31 - Country Logger de Russia - INFO -> Datos cargados para Russia
2023-02-05 12:00:31 - Country Logger de Rwanda - INFO -> Datos cargados para Rwanda
2023-02-05 12:00:31 - Country Logger de Saint Kitts and Nevis - INFO -> Datos cargados para Saint Kitts and Nevis
2023-02-05 12:00:31 - Country Logger de Saint Lucia - INFO -> Datos cargados para Saint Lucia
2023-02-05 12:00:31 - Country Logger de Saint Vincent and the Grenadines - INFO -> Datos cargados para Saint Vincent and the Grenadines
2023-02-05 12:00:31 - Country Logger de Samoa - INFO -> Datos cargados para Samoa
2023-02-05 12:00:31 - Country Logger de San Marino - INFO -> Datos cargados para San Marino
2023-02-05 12:00:31 - Country Logger de Sao Tome and Principe - INFO -> Datos cargados para Sao Tome and Principe
2023-02-05 12:00:31 - Country Logger de Saudi Arabia - INFO -> Datos cargados para Saudi Arabia
2023-02-05 12:00:31 - Country Logger de Senegal - INFO -> Datos cargados para Senegal
2023-02-05 12:00:31 - Country Logger de Serbia - INFO -> Datos cargados para Serbia
2023-02-05 12:00:31 - Country Logger de Seychelles - INFO -> Datos cargados para Seychelles
2023-02-05 12:00:31 - Country Logger de Sierra Leone - INFO -> Datos cargados para Sierra Leone
2023-02-05 12:00:31 - Country Logger de Singapore - INFO -> Datos cargados para Singapore
2023-02-05 12:00:31 - Country Logger de Slovakia - INFO -> Datos cargados para Slovakia
2023-02-05 12:00:31 - Country Logger de Slovenia - INFO -> Datos cargados para Slovenia
2023-02-05 12:00:31 - Country Logger de Solomon Islands - INFO -> Datos cargados para Solomon Islands
2023-02-05 12:00:31 - Country Logger de Somalia - INFO -> Datos cargados para Somalia
2023-02-05 12:00:31 - Country Logger de South Africa - INFO -> Datos cargados para South Africa
2023-02-05 12:00:31 - Country Logger de South Sudan - INFO -> Datos cargados para South Sudan
2023-02-05 12:00:31 - Country Logger de Spain - INFO -> Datos cargados para Spain
2023-02-05 12:00:31 - Country Logger de Sri Lanka - INFO -> Datos cargados para Sri Lanka
2023-02-05 12:00:31 - Country Logger de Sudan - INFO -> Datos cargados para Sudan
2023-02-05 12:00:31 - Country Logger de Summer Olympics 2020 - INFO -> Datos cargados para Summer Olympics 2020
2023-02-05 12:00:31 - Country Logger de Suriname - INFO -> Datos cargados para Suriname
2023-02-05 12:00:31 - Country Logger de Sweden - INFO -> Datos cargados para Sweden
2023-02-05 12:00:31 - Country Logger de Switzerland - INFO -> Datos cargados para Switzerland
2023-02-05 12:00:31 - Country Logger de Syria - INFO -> Datos cargados para Syria
2023-02-05 12:00:31 - Country Logger de Taiwan* - INFO -> Datos cargados para Taiwan*
2023-02-05 12:00:31 - Country Logger de Tajikistan - INFO -> Datos cargados para Tajikistan
2023-02-05 12:00:31 - Country Logger de Tanzania - INFO -> Datos cargados para Tanzania
2023-02-05 12:00:31 - Country Logger de Thailand - INFO -> Datos cargados para Thailand
2023-02-05 12:00:31 - Country Logger de Timor-Leste - INFO -> Datos cargados para Timor-Leste
2023-02-05 12:00:31 - Country Logger de Togo - INFO -> Datos cargados para Togo
2023-02-05 12:00:31 - Country Logger de Tonga - INFO -> Datos cargados para Tonga
2023-02-05 12:00:31 - Country Logger de Trinidad and Tobago - INFO -> Datos cargados para Trinidad and Tobago
2023-02-05 12:00:31 - Country Logger de Tunisia - INFO -> Datos cargados para Tunisia
2023-02-05 12:00:31 - Country Logger de Turkey - INFO -> Datos cargados para Turkey
2023-02-05 12:00:31 - Country Logger de Tuvalu - INFO -> Datos cargados para Tuvalu
2023-02-05 12:00:31 - Country Logger de US - INFO -> Datos cargados para US
2023-02-05 12:00:31 - Country Logger de Uganda - INFO -> Datos cargados para Uganda
2023-02-05 12:00:31 - Country Logger de Ukraine - INFO -> Datos cargados para Ukraine
2023-02-05 12:00:31 - Country Logger de United Arab Emirates - INFO -> Datos cargados para United Arab Emirates
2023-02-05 12:00:31 - Country Logger de United Kingdom - INFO -> Datos cargados para United Kingdom - Anguilla
2023-02-05 12:00:31 - Country Logger de United Kingdom - INFO -> Datos cargados para United Kingdom - Bermuda
2023-02-05 12:00:31 - Country Logger de United Kingdom - INFO -> Datos cargados para United Kingdom - British Virgin Islands
2023-02-05 12:00:31 - Country Logger de United Kingdom - INFO -> Datos cargados para United Kingdom - Cayman Islands
2023-02-05 12:00:31 - Country Logger de United Kingdom - INFO -> Datos cargados para United Kingdom - Channel Islands
2023-02-05 12:00:31 - Country Logger de United Kingdom - INFO -> Datos cargados para United Kingdom - Falkland Islands (Malvinas)
2023-02-05 12:00:31 - Country Logger de United Kingdom - INFO -> Datos cargados para United Kingdom - Gibraltar
2023-02-05 12:00:31 - Country Logger de United Kingdom - INFO -> Datos cargados para United Kingdom - Guernsey
2023-02-05 12:00:31 - Country Logger de United Kingdom - INFO -> Datos cargados para United Kingdom - Isle of Man
2023-02-05 12:00:31 - Country Logger de United Kingdom - INFO -> Datos cargados para United Kingdom - Jersey
2023-02-05 12:00:31 - Country Logger de United Kingdom - INFO -> Datos cargados para United Kingdom - Montserrat
2023-02-05 12:00:31 - Country Logger de United Kingdom - INFO -> Datos cargados para United Kingdom - Pitcairn Islands
2023-02-05 12:00:31 - Country Logger de United Kingdom - INFO -> Datos cargados para United Kingdom - Saint Helena, Ascension and Tristan da Cunha
2023-02-05 12:00:31 - Country Logger de United Kingdom - INFO -> Datos cargados para United Kingdom - Turks and Caicos Islands
2023-02-05 12:00:31 - Country Logger de United Kingdom - INFO -> Datos cargados para United Kingdom
2023-02-05 12:00:31 - Country Logger de Uruguay - INFO -> Datos cargados para Uruguay
2023-02-05 12:00:31 - Country Logger de Uzbekistan - INFO -> Datos cargados para Uzbekistan
2023-02-05 12:00:31 - Country Logger de Vanuatu - INFO -> Datos cargados para Vanuatu
2023-02-05 12:00:31 - Country Logger de Venezuela - INFO -> Datos cargados para Venezuela
2023-02-05 12:00:31 - Country Logger de Vietnam - INFO -> Datos cargados para Vietnam
2023-02-05 12:00:31 - Country Logger de West Bank and Gaza - INFO -> Datos cargados para West Bank and Gaza
2023-02-05 12:00:31 - Country Logger de Winter Olympics 2022 - INFO -> Datos cargados para Winter Olympics 2022
2023-02-05 12:00:31 - Country Logger de Yemen - INFO -> Datos cargados para Yemen
2023-02-05 12:00:31 - Country Logger de Zambia - INFO -> Datos cargados para Zambia
2023-02-05 12:00:31 - Country Logger de Zimbabwe - INFO -> Datos cargados para Zimbabwe
2023-02-05 12:00:31 - Covid Charts - INFO -> Cargada la informacin de defunciones.
2023-02-05 12:00:31 - Covid Charts - INFO -> Datos de los pases objetivo cargados correctamente.
2023-02-05 12:00:31 - Covid Charts - INFO -> Fichero de poblaciones cargado correctamente.
2023-02-05 12:00:31 - Covid Charts - INFO -> Poblaciones de los pases objetivo cargadas correctamente.
2023-02-05 12:00:31 - Covid Charts - INFO -> Generando grficas para: Spain
2023-02-05 12:00:31 - matplotlib.category - INFO -> Using categorical units to plot a list of strings that are all parsable as floats or dates. If these strings should be plotted as numbers, cast to the appropriate data type before plotting.
2023-02-05 12:00:31 - matplotlib.category - INFO -> Using categorical units to plot a list of strings that are all parsable as floats or dates. If these strings should be plotted as numbers, cast to the appropriate data type before plotting.
2023-02-05 12:00:31 - matplotlib.category - INFO -> Using categorical units to plot a list of strings that are all parsable as floats or dates. If these strings should be plotted as numbers, cast to the appropriate data type before plotting.
2023-02-05 12:00:31 - matplotlib.category - INFO -> Using categorical units to plot a list of strings that are all parsable as floats or dates. If these strings should be plotted as numbers, cast to the appropriate data type before plotting.
2023-02-05 12:01:00 - matplotlib.category - INFO -> Using categorical units to plot a list of strings that are all parsable as floats or dates. If these strings should be plotted as numbers, cast to the appropriate data type before plotting.
2023-02-05 12:01:00 - matplotlib.category - INFO -> Using categorical units to plot a list of strings that are all parsable as floats or dates. If these strings should be plotted as numbers, cast to the appropriate data type before plotting.
2023-02-05 12:01:00 - matplotlib.category - INFO -> Using categorical units to plot a list of strings that are all parsable as floats or dates. If these strings should be plotted as numbers, cast to the appropriate data type before plotting.
2023-02-05 12:01:00 - matplotlib.category - INFO -> Using categorical units to plot a list of strings that are all parsable as floats or dates. If these strings should be plotted as numbers, cast to the appropriate data type before plotting.
2023-02-05 12:01:14 - matplotlib.category - INFO -> Using categorical units to plot a list of strings that are all parsable as floats or dates. If these strings should be plotted as numbers, cast to the appropriate data type before plotting.
2023-02-05 12:01:14 - matplotlib.category - INFO -> Using categorical units to plot a list of strings that are all parsable as floats or dates. If these strings should be plotted as numbers, cast to the appropriate data type before plotting.
2023-02-05 12:01:14 - matplotlib.category - INFO -> Using categorical units to plot a list of strings that are all parsable as floats or dates. If these strings should be plotted as numbers, cast to the appropriate data type before plotting.
2023-02-05 12:01:14 - matplotlib.category - INFO -> Using categorical units to plot a list of strings that are all parsable as floats or dates. If these strings should be plotted as numbers, cast to the appropriate data type before plotting.
2023-02-05 12:01:22 - matplotlib.category - INFO -> Using categorical units to plot a list of strings that are all parsable as floats or dates. If these strings should be plotted as numbers, cast to the appropriate data type before plotting.
2023-02-05 12:01:22 - matplotlib.category - INFO -> Using categorical units to plot a list of strings that are all parsable as floats or dates. If these strings should be plotted as numbers, cast to the appropriate data type before plotting.
2023-02-05 12:01:22 - matplotlib.category - INFO -> Using categorical units to plot a list of strings that are all parsable as floats or dates. If these strings should be plotted as numbers, cast to the appropriate data type before plotting.
2023-02-05 12:01:22 - matplotlib.category - INFO -> Using categorical units to plot a list of strings that are all parsable as floats or dates. If these strings should be plotted as numbers, cast to the appropriate data type before plotting.
2023-02-05 12:01:22 - matplotlib.category - INFO -> Using categorical units to plot a list of strings that are all parsable as floats or dates. If these strings should be plotted as numbers, cast to the appropriate data type before plotting.
2023-02-05 12:01:22 - matplotlib.category - INFO -> Using categorical units to plot a list of strings that are all parsable as floats or dates. If these strings should be plotted as numbers, cast to the appropriate data type before plotting.
